[2023-11-07 09:39:46 AM-Train_2.py-INFO:epoch: 1, dataset: ClinicDB, dice: 0.513]
[2023-11-07 09:39:46 AM-Train_2.py-INFO:epoch: 1, dataset: ClinicDB, iou: 0.374]
[2023-11-07 09:40:00 AM-Train_2.py-INFO:epoch: 1, dataset: Kvasir, dice: 0.653]
[2023-11-07 09:40:00 AM-Train_2.py-INFO:epoch: 1, dataset: Kvasir, iou: 0.514]
[2023-11-07 09:40:08 AM-Train_2.py-INFO:epoch: 1, dataset: Endoscene, dice: 0.476]
[2023-11-07 09:40:08 AM-Train_2.py-INFO:epoch: 1, dataset: Endoscene, iou: 0.326]
[2023-11-07 09:40:54 AM-Train_2.py-INFO:epoch: 1, dataset: ColonDB, dice: 0.439]
[2023-11-07 09:40:54 AM-Train_2.py-INFO:epoch: 1, dataset: ColonDB, iou: 0.309]
[2023-11-07 09:45:07 AM-Train_2.py-INFO:epoch: 2, dataset: ClinicDB, dice: 0.628]
[2023-11-07 09:45:07 AM-Train_2.py-INFO:epoch: 2, dataset: ClinicDB, iou: 0.488]
[2023-11-07 09:45:21 AM-Train_2.py-INFO:epoch: 2, dataset: Kvasir, dice: 0.719]
[2023-11-07 09:45:21 AM-Train_2.py-INFO:epoch: 2, dataset: Kvasir, iou: 0.587]
[2023-11-07 09:45:29 AM-Train_2.py-INFO:epoch: 2, dataset: Endoscene, dice: 0.601]
[2023-11-07 09:45:29 AM-Train_2.py-INFO:epoch: 2, dataset: Endoscene, iou: 0.444]
[2023-11-07 09:46:17 AM-Train_2.py-INFO:epoch: 2, dataset: ColonDB, dice: 0.549]
[2023-11-07 09:46:17 AM-Train_2.py-INFO:epoch: 2, dataset: ColonDB, iou: 0.415]
[2023-11-07 09:50:29 AM-Train_2.py-INFO:epoch: 3, dataset: ClinicDB, dice: 0.741]
[2023-11-07 09:50:29 AM-Train_2.py-INFO:epoch: 3, dataset: ClinicDB, iou: 0.621]
[2023-11-07 09:50:43 AM-Train_2.py-INFO:epoch: 3, dataset: Kvasir, dice: 0.807]
[2023-11-07 09:50:43 AM-Train_2.py-INFO:epoch: 3, dataset: Kvasir, iou: 0.7]
[2023-11-07 09:50:51 AM-Train_2.py-INFO:epoch: 3, dataset: Endoscene, dice: 0.717]
[2023-11-07 09:50:51 AM-Train_2.py-INFO:epoch: 3, dataset: Endoscene, iou: 0.579]
[2023-11-07 09:51:38 AM-Train_2.py-INFO:epoch: 3, dataset: ColonDB, dice: 0.64]
[2023-11-07 09:51:38 AM-Train_2.py-INFO:epoch: 3, dataset: ColonDB, iou: 0.513]
[2023-11-07 09:55:50 AM-Train_2.py-INFO:epoch: 4, dataset: ClinicDB, dice: 0.772]
[2023-11-07 09:55:50 AM-Train_2.py-INFO:epoch: 4, dataset: ClinicDB, iou: 0.661]
[2023-11-07 09:56:04 AM-Train_2.py-INFO:epoch: 4, dataset: Kvasir, dice: 0.829]
[2023-11-07 09:56:04 AM-Train_2.py-INFO:epoch: 4, dataset: Kvasir, iou: 0.733]
[2023-11-07 09:56:11 AM-Train_2.py-INFO:epoch: 4, dataset: Endoscene, dice: 0.769]
[2023-11-07 09:56:11 AM-Train_2.py-INFO:epoch: 4, dataset: Endoscene, iou: 0.639]
[2023-11-07 09:56:58 AM-Train_2.py-INFO:epoch: 4, dataset: ColonDB, dice: 0.678]
[2023-11-07 09:56:58 AM-Train_2.py-INFO:epoch: 4, dataset: ColonDB, iou: 0.553]
[2023-11-07 10:01:10 AM-Train_2.py-INFO:epoch: 5, dataset: ClinicDB, dice: 0.805]
[2023-11-07 10:01:10 AM-Train_2.py-INFO:epoch: 5, dataset: ClinicDB, iou: 0.705]
[2023-11-07 10:01:24 AM-Train_2.py-INFO:epoch: 5, dataset: Kvasir, dice: 0.857]
[2023-11-07 10:01:24 AM-Train_2.py-INFO:epoch: 5, dataset: Kvasir, iou: 0.767]
[2023-11-07 10:01:32 AM-Train_2.py-INFO:epoch: 5, dataset: Endoscene, dice: 0.815]
[2023-11-07 10:01:32 AM-Train_2.py-INFO:epoch: 5, dataset: Endoscene, iou: 0.7]
[2023-11-07 10:02:18 AM-Train_2.py-INFO:epoch: 5, dataset: ColonDB, dice: 0.698]
[2023-11-07 10:02:18 AM-Train_2.py-INFO:epoch: 5, dataset: ColonDB, iou: 0.583]
[2023-11-07 10:06:30 AM-Train_2.py-INFO:epoch: 6, dataset: ClinicDB, dice: 0.837]
[2023-11-07 10:06:30 AM-Train_2.py-INFO:epoch: 6, dataset: ClinicDB, iou: 0.744]
[2023-11-07 10:06:45 AM-Train_2.py-INFO:epoch: 6, dataset: Kvasir, dice: 0.844]
[2023-11-07 10:06:45 AM-Train_2.py-INFO:epoch: 6, dataset: Kvasir, iou: 0.755]
[2023-11-07 10:06:52 AM-Train_2.py-INFO:epoch: 6, dataset: Endoscene, dice: 0.814]
[2023-11-07 10:06:52 AM-Train_2.py-INFO:epoch: 6, dataset: Endoscene, iou: 0.711]
[2023-11-07 10:07:39 AM-Train_2.py-INFO:epoch: 6, dataset: ColonDB, dice: 0.722]
[2023-11-07 10:07:39 AM-Train_2.py-INFO:epoch: 6, dataset: ColonDB, iou: 0.612]
[2023-11-07 10:11:51 AM-Train_2.py-INFO:epoch: 7, dataset: ClinicDB, dice: 0.827]
[2023-11-07 10:11:51 AM-Train_2.py-INFO:epoch: 7, dataset: ClinicDB, iou: 0.735]
[2023-11-07 10:12:05 AM-Train_2.py-INFO:epoch: 7, dataset: Kvasir, dice: 0.867]
[2023-11-07 10:12:05 AM-Train_2.py-INFO:epoch: 7, dataset: Kvasir, iou: 0.788]
[2023-11-07 10:12:13 AM-Train_2.py-INFO:epoch: 7, dataset: Endoscene, dice: 0.841]
[2023-11-07 10:12:13 AM-Train_2.py-INFO:epoch: 7, dataset: Endoscene, iou: 0.738]
[2023-11-07 10:12:59 AM-Train_2.py-INFO:epoch: 7, dataset: ColonDB, dice: 0.734]
[2023-11-07 10:12:59 AM-Train_2.py-INFO:epoch: 7, dataset: ColonDB, iou: 0.626]
[2023-11-07 10:17:11 AM-Train_2.py-INFO:epoch: 8, dataset: ClinicDB, dice: 0.854]
[2023-11-07 10:17:11 AM-Train_2.py-INFO:epoch: 8, dataset: ClinicDB, iou: 0.766]
[2023-11-07 10:17:25 AM-Train_2.py-INFO:epoch: 8, dataset: Kvasir, dice: 0.876]
[2023-11-07 10:17:25 AM-Train_2.py-INFO:epoch: 8, dataset: Kvasir, iou: 0.804]
[2023-11-07 10:17:33 AM-Train_2.py-INFO:epoch: 8, dataset: Endoscene, dice: 0.846]
[2023-11-07 10:17:33 AM-Train_2.py-INFO:epoch: 8, dataset: Endoscene, iou: 0.751]
[2023-11-07 10:18:19 AM-Train_2.py-INFO:epoch: 8, dataset: ColonDB, dice: 0.741]
[2023-11-07 10:18:19 AM-Train_2.py-INFO:epoch: 8, dataset: ColonDB, iou: 0.637]
[2023-11-07 10:22:31 AM-Train_2.py-INFO:epoch: 9, dataset: ClinicDB, dice: 0.871]
[2023-11-07 10:22:31 AM-Train_2.py-INFO:epoch: 9, dataset: ClinicDB, iou: 0.789]
[2023-11-07 10:22:45 AM-Train_2.py-INFO:epoch: 9, dataset: Kvasir, dice: 0.88]
[2023-11-07 10:22:45 AM-Train_2.py-INFO:epoch: 9, dataset: Kvasir, iou: 0.809]
[2023-11-07 10:22:53 AM-Train_2.py-INFO:epoch: 9, dataset: Endoscene, dice: 0.857]
[2023-11-07 10:22:53 AM-Train_2.py-INFO:epoch: 9, dataset: Endoscene, iou: 0.763]
[2023-11-07 10:23:39 AM-Train_2.py-INFO:epoch: 9, dataset: ColonDB, dice: 0.753]
[2023-11-07 10:23:39 AM-Train_2.py-INFO:epoch: 9, dataset: ColonDB, iou: 0.651]
[2023-11-07 10:27:52 AM-Train_2.py-INFO:epoch: 10, dataset: ClinicDB, dice: 0.864]
[2023-11-07 10:27:52 AM-Train_2.py-INFO:epoch: 10, dataset: ClinicDB, iou: 0.787]
[2023-11-07 10:28:06 AM-Train_2.py-INFO:epoch: 10, dataset: Kvasir, dice: 0.88]
[2023-11-07 10:28:06 AM-Train_2.py-INFO:epoch: 10, dataset: Kvasir, iou: 0.81]
[2023-11-07 10:28:14 AM-Train_2.py-INFO:epoch: 10, dataset: Endoscene, dice: 0.839]
[2023-11-07 10:28:14 AM-Train_2.py-INFO:epoch: 10, dataset: Endoscene, iou: 0.754]
[2023-11-07 10:29:01 AM-Train_2.py-INFO:epoch: 10, dataset: ColonDB, dice: 0.754]
[2023-11-07 10:29:01 AM-Train_2.py-INFO:epoch: 10, dataset: ColonDB, iou: 0.656]
[2023-11-07 10:33:13 AM-Train_2.py-INFO:epoch: 11, dataset: ClinicDB, dice: 0.895]
[2023-11-07 10:33:13 AM-Train_2.py-INFO:epoch: 11, dataset: ClinicDB, iou: 0.822]
[2023-11-07 10:33:27 AM-Train_2.py-INFO:epoch: 11, dataset: Kvasir, dice: 0.887]
[2023-11-07 10:33:27 AM-Train_2.py-INFO:epoch: 11, dataset: Kvasir, iou: 0.816]
[2023-11-07 10:33:34 AM-Train_2.py-INFO:epoch: 11, dataset: Endoscene, dice: 0.843]
[2023-11-07 10:33:34 AM-Train_2.py-INFO:epoch: 11, dataset: Endoscene, iou: 0.76]
[2023-11-07 10:34:18 AM-Train_2.py-INFO:epoch: 11, dataset: ColonDB, dice: 0.758]
[2023-11-07 10:34:18 AM-Train_2.py-INFO:epoch: 11, dataset: ColonDB, iou: 0.663]
[2023-11-07 10:38:30 AM-Train_2.py-INFO:epoch: 12, dataset: ClinicDB, dice: 0.906]
[2023-11-07 10:38:30 AM-Train_2.py-INFO:epoch: 12, dataset: ClinicDB, iou: 0.838]
[2023-11-07 10:38:44 AM-Train_2.py-INFO:epoch: 12, dataset: Kvasir, dice: 0.894]
[2023-11-07 10:38:44 AM-Train_2.py-INFO:epoch: 12, dataset: Kvasir, iou: 0.83]
[2023-11-07 10:38:52 AM-Train_2.py-INFO:epoch: 12, dataset: Endoscene, dice: 0.874]
[2023-11-07 10:38:52 AM-Train_2.py-INFO:epoch: 12, dataset: Endoscene, iou: 0.792]
[2023-11-07 10:39:38 AM-Train_2.py-INFO:epoch: 12, dataset: ColonDB, dice: 0.75]
[2023-11-07 10:39:38 AM-Train_2.py-INFO:epoch: 12, dataset: ColonDB, iou: 0.658]
[2023-11-07 10:43:51 AM-Train_2.py-INFO:epoch: 13, dataset: ClinicDB, dice: 0.902]
[2023-11-07 10:43:51 AM-Train_2.py-INFO:epoch: 13, dataset: ClinicDB, iou: 0.832]
[2023-11-07 10:44:05 AM-Train_2.py-INFO:epoch: 13, dataset: Kvasir, dice: 0.892]
[2023-11-07 10:44:05 AM-Train_2.py-INFO:epoch: 13, dataset: Kvasir, iou: 0.828]
[2023-11-07 10:44:13 AM-Train_2.py-INFO:epoch: 13, dataset: Endoscene, dice: 0.872]
[2023-11-07 10:44:13 AM-Train_2.py-INFO:epoch: 13, dataset: Endoscene, iou: 0.794]
[2023-11-07 10:45:01 AM-Train_2.py-INFO:epoch: 13, dataset: ColonDB, dice: 0.748]
[2023-11-07 10:45:01 AM-Train_2.py-INFO:epoch: 13, dataset: ColonDB, iou: 0.657]
[2023-11-07 10:49:13 AM-Train_2.py-INFO:epoch: 14, dataset: ClinicDB, dice: 0.919]
[2023-11-07 10:49:13 AM-Train_2.py-INFO:epoch: 14, dataset: ClinicDB, iou: 0.855]
[2023-11-07 10:49:28 AM-Train_2.py-INFO:epoch: 14, dataset: Kvasir, dice: 0.895]
[2023-11-07 10:49:28 AM-Train_2.py-INFO:epoch: 14, dataset: Kvasir, iou: 0.834]
[2023-11-07 10:49:36 AM-Train_2.py-INFO:epoch: 14, dataset: Endoscene, dice: 0.886]
[2023-11-07 10:49:36 AM-Train_2.py-INFO:epoch: 14, dataset: Endoscene, iou: 0.807]
[2023-11-07 10:50:23 AM-Train_2.py-INFO:epoch: 14, dataset: ColonDB, dice: 0.769]
[2023-11-07 10:50:23 AM-Train_2.py-INFO:epoch: 14, dataset: ColonDB, iou: 0.679]
[2023-11-07 10:54:36 AM-Train_2.py-INFO:epoch: 15, dataset: ClinicDB, dice: 0.876]
[2023-11-07 10:54:36 AM-Train_2.py-INFO:epoch: 15, dataset: ClinicDB, iou: 0.807]
[2023-11-07 10:54:50 AM-Train_2.py-INFO:epoch: 15, dataset: Kvasir, dice: 0.904]
[2023-11-07 10:54:50 AM-Train_2.py-INFO:epoch: 15, dataset: Kvasir, iou: 0.842]
[2023-11-07 10:54:58 AM-Train_2.py-INFO:epoch: 15, dataset: Endoscene, dice: 0.872]
[2023-11-07 10:54:58 AM-Train_2.py-INFO:epoch: 15, dataset: Endoscene, iou: 0.799]
[2023-11-07 10:55:45 AM-Train_2.py-INFO:epoch: 15, dataset: ColonDB, dice: 0.761]
[2023-11-07 10:55:45 AM-Train_2.py-INFO:epoch: 15, dataset: ColonDB, iou: 0.675]
[2023-11-07 10:59:58 AM-Train_2.py-INFO:epoch: 16, dataset: ClinicDB, dice: 0.904]
[2023-11-07 10:59:58 AM-Train_2.py-INFO:epoch: 16, dataset: ClinicDB, iou: 0.84]
[2023-11-07 11:00:13 AM-Train_2.py-INFO:epoch: 16, dataset: Kvasir, dice: 0.889]
[2023-11-07 11:00:13 AM-Train_2.py-INFO:epoch: 16, dataset: Kvasir, iou: 0.83]
[2023-11-07 11:00:21 AM-Train_2.py-INFO:epoch: 16, dataset: Endoscene, dice: 0.896]
[2023-11-07 11:00:21 AM-Train_2.py-INFO:epoch: 16, dataset: Endoscene, iou: 0.824]
[2023-11-07 11:01:09 AM-Train_2.py-INFO:epoch: 16, dataset: ColonDB, dice: 0.773]
[2023-11-07 11:01:09 AM-Train_2.py-INFO:epoch: 16, dataset: ColonDB, iou: 0.683]
[2023-11-07 11:05:23 AM-Train_2.py-INFO:epoch: 17, dataset: ClinicDB, dice: 0.91]
[2023-11-07 11:05:23 AM-Train_2.py-INFO:epoch: 17, dataset: ClinicDB, iou: 0.849]
[2023-11-07 11:05:37 AM-Train_2.py-INFO:epoch: 17, dataset: Kvasir, dice: 0.9]
[2023-11-07 11:05:37 AM-Train_2.py-INFO:epoch: 17, dataset: Kvasir, iou: 0.84]
[2023-11-07 11:05:45 AM-Train_2.py-INFO:epoch: 17, dataset: Endoscene, dice: 0.884]
[2023-11-07 11:05:45 AM-Train_2.py-INFO:epoch: 17, dataset: Endoscene, iou: 0.811]
[2023-11-07 11:06:34 AM-Train_2.py-INFO:epoch: 17, dataset: ColonDB, dice: 0.767]
[2023-11-07 11:06:34 AM-Train_2.py-INFO:epoch: 17, dataset: ColonDB, iou: 0.68]
[2023-11-07 11:10:47 AM-Train_2.py-INFO:epoch: 18, dataset: ClinicDB, dice: 0.919]
[2023-11-07 11:10:47 AM-Train_2.py-INFO:epoch: 18, dataset: ClinicDB, iou: 0.858]
[2023-11-07 11:11:01 AM-Train_2.py-INFO:epoch: 18, dataset: Kvasir, dice: 0.904]
[2023-11-07 11:11:01 AM-Train_2.py-INFO:epoch: 18, dataset: Kvasir, iou: 0.848]
[2023-11-07 11:11:09 AM-Train_2.py-INFO:epoch: 18, dataset: Endoscene, dice: 0.875]
[2023-11-07 11:11:09 AM-Train_2.py-INFO:epoch: 18, dataset: Endoscene, iou: 0.801]
[2023-11-07 11:11:57 AM-Train_2.py-INFO:epoch: 18, dataset: ColonDB, dice: 0.78]
[2023-11-07 11:11:57 AM-Train_2.py-INFO:epoch: 18, dataset: ColonDB, iou: 0.692]
[2023-11-07 11:16:10 AM-Train_2.py-INFO:epoch: 19, dataset: ClinicDB, dice: 0.91]
[2023-11-07 11:16:10 AM-Train_2.py-INFO:epoch: 19, dataset: ClinicDB, iou: 0.847]
[2023-11-07 11:16:24 AM-Train_2.py-INFO:epoch: 19, dataset: Kvasir, dice: 0.897]
[2023-11-07 11:16:24 AM-Train_2.py-INFO:epoch: 19, dataset: Kvasir, iou: 0.84]
[2023-11-07 11:16:32 AM-Train_2.py-INFO:epoch: 19, dataset: Endoscene, dice: 0.891]
[2023-11-07 11:16:32 AM-Train_2.py-INFO:epoch: 19, dataset: Endoscene, iou: 0.819]
[2023-11-07 11:17:20 AM-Train_2.py-INFO:epoch: 19, dataset: ColonDB, dice: 0.775]
[2023-11-07 11:17:20 AM-Train_2.py-INFO:epoch: 19, dataset: ColonDB, iou: 0.691]
[2023-11-07 11:21:33 AM-Train_2.py-INFO:epoch: 20, dataset: ClinicDB, dice: 0.907]
[2023-11-07 11:21:33 AM-Train_2.py-INFO:epoch: 20, dataset: ClinicDB, iou: 0.843]
[2023-11-07 11:21:47 AM-Train_2.py-INFO:epoch: 20, dataset: Kvasir, dice: 0.904]
[2023-11-07 11:21:47 AM-Train_2.py-INFO:epoch: 20, dataset: Kvasir, iou: 0.848]
[2023-11-07 11:21:55 AM-Train_2.py-INFO:epoch: 20, dataset: Endoscene, dice: 0.88]
[2023-11-07 11:21:55 AM-Train_2.py-INFO:epoch: 20, dataset: Endoscene, iou: 0.809]
[2023-11-07 11:22:43 AM-Train_2.py-INFO:epoch: 20, dataset: ColonDB, dice: 0.776]
[2023-11-07 11:22:43 AM-Train_2.py-INFO:epoch: 20, dataset: ColonDB, iou: 0.689]
[2023-11-07 11:26:55 AM-Train_2.py-INFO:epoch: 21, dataset: ClinicDB, dice: 0.882]
[2023-11-07 11:26:55 AM-Train_2.py-INFO:epoch: 21, dataset: ClinicDB, iou: 0.824]
[2023-11-07 11:27:09 AM-Train_2.py-INFO:epoch: 21, dataset: Kvasir, dice: 0.885]
[2023-11-07 11:27:09 AM-Train_2.py-INFO:epoch: 21, dataset: Kvasir, iou: 0.827]
[2023-11-07 11:27:17 AM-Train_2.py-INFO:epoch: 21, dataset: Endoscene, dice: 0.857]
[2023-11-07 11:27:17 AM-Train_2.py-INFO:epoch: 21, dataset: Endoscene, iou: 0.777]
[2023-11-07 11:28:07 AM-Train_2.py-INFO:epoch: 21, dataset: ColonDB, dice: 0.763]
[2023-11-07 11:28:07 AM-Train_2.py-INFO:epoch: 21, dataset: ColonDB, iou: 0.678]
[2023-11-07 11:32:20 AM-Train_2.py-INFO:epoch: 22, dataset: ClinicDB, dice: 0.916]
[2023-11-07 11:32:20 AM-Train_2.py-INFO:epoch: 22, dataset: ClinicDB, iou: 0.854]
[2023-11-07 11:32:34 AM-Train_2.py-INFO:epoch: 22, dataset: Kvasir, dice: 0.919]
[2023-11-07 11:32:34 AM-Train_2.py-INFO:epoch: 22, dataset: Kvasir, iou: 0.867]
[2023-11-07 11:32:42 AM-Train_2.py-INFO:epoch: 22, dataset: Endoscene, dice: 0.874]
[2023-11-07 11:32:42 AM-Train_2.py-INFO:epoch: 22, dataset: Endoscene, iou: 0.799]
[2023-11-07 11:33:30 AM-Train_2.py-INFO:epoch: 22, dataset: ColonDB, dice: 0.763]
[2023-11-07 11:33:30 AM-Train_2.py-INFO:epoch: 22, dataset: ColonDB, iou: 0.677]
[2023-11-07 11:37:44 AM-Train_2.py-INFO:epoch: 23, dataset: ClinicDB, dice: 0.92]
[2023-11-07 11:37:44 AM-Train_2.py-INFO:epoch: 23, dataset: ClinicDB, iou: 0.863]
[2023-11-07 11:37:58 AM-Train_2.py-INFO:epoch: 23, dataset: Kvasir, dice: 0.918]
[2023-11-07 11:37:58 AM-Train_2.py-INFO:epoch: 23, dataset: Kvasir, iou: 0.866]
[2023-11-07 11:38:07 AM-Train_2.py-INFO:epoch: 23, dataset: Endoscene, dice: 0.872]
[2023-11-07 11:38:07 AM-Train_2.py-INFO:epoch: 23, dataset: Endoscene, iou: 0.791]
[2023-11-07 11:38:54 AM-Train_2.py-INFO:epoch: 23, dataset: ColonDB, dice: 0.785]
[2023-11-07 11:38:54 AM-Train_2.py-INFO:epoch: 23, dataset: ColonDB, iou: 0.698]
[2023-11-07 11:43:07 AM-Train_2.py-INFO:epoch: 24, dataset: ClinicDB, dice: 0.922]
[2023-11-07 11:43:07 AM-Train_2.py-INFO:epoch: 24, dataset: ClinicDB, iou: 0.865]
[2023-11-07 11:43:22 AM-Train_2.py-INFO:epoch: 24, dataset: Kvasir, dice: 0.919]
[2023-11-07 11:43:22 AM-Train_2.py-INFO:epoch: 24, dataset: Kvasir, iou: 0.866]
[2023-11-07 11:43:30 AM-Train_2.py-INFO:epoch: 24, dataset: Endoscene, dice: 0.873]
[2023-11-07 11:43:30 AM-Train_2.py-INFO:epoch: 24, dataset: Endoscene, iou: 0.793]
[2023-11-07 11:44:18 AM-Train_2.py-INFO:epoch: 24, dataset: ColonDB, dice: 0.786]
[2023-11-07 11:44:18 AM-Train_2.py-INFO:epoch: 24, dataset: ColonDB, iou: 0.696]
[2023-11-07 11:48:31 AM-Train_2.py-INFO:epoch: 25, dataset: ClinicDB, dice: 0.92]
[2023-11-07 11:48:31 AM-Train_2.py-INFO:epoch: 25, dataset: ClinicDB, iou: 0.862]
[2023-11-07 11:48:45 AM-Train_2.py-INFO:epoch: 25, dataset: Kvasir, dice: 0.92]
[2023-11-07 11:48:45 AM-Train_2.py-INFO:epoch: 25, dataset: Kvasir, iou: 0.867]
[2023-11-07 11:48:53 AM-Train_2.py-INFO:epoch: 25, dataset: Endoscene, dice: 0.866]
[2023-11-07 11:48:53 AM-Train_2.py-INFO:epoch: 25, dataset: Endoscene, iou: 0.79]
[2023-11-07 11:49:40 AM-Train_2.py-INFO:epoch: 25, dataset: ColonDB, dice: 0.78]
[2023-11-07 11:49:40 AM-Train_2.py-INFO:epoch: 25, dataset: ColonDB, iou: 0.694]
[2023-11-07 11:53:52 AM-Train_2.py-INFO:epoch: 26, dataset: ClinicDB, dice: 0.924]
[2023-11-07 11:53:52 AM-Train_2.py-INFO:epoch: 26, dataset: ClinicDB, iou: 0.869]
[2023-11-07 11:54:07 AM-Train_2.py-INFO:epoch: 26, dataset: Kvasir, dice: 0.915]
[2023-11-07 11:54:07 AM-Train_2.py-INFO:epoch: 26, dataset: Kvasir, iou: 0.863]
[2023-11-07 11:54:15 AM-Train_2.py-INFO:epoch: 26, dataset: Endoscene, dice: 0.883]
[2023-11-07 11:54:15 AM-Train_2.py-INFO:epoch: 26, dataset: Endoscene, iou: 0.808]
[2023-11-07 11:55:02 AM-Train_2.py-INFO:epoch: 26, dataset: ColonDB, dice: 0.789]
[2023-11-07 11:55:02 AM-Train_2.py-INFO:epoch: 26, dataset: ColonDB, iou: 0.702]
[2023-11-07 11:59:15 AM-Train_2.py-INFO:epoch: 27, dataset: ClinicDB, dice: 0.923]
[2023-11-07 11:59:15 AM-Train_2.py-INFO:epoch: 27, dataset: ClinicDB, iou: 0.869]
[2023-11-07 11:59:31 AM-Train_2.py-INFO:epoch: 27, dataset: Kvasir, dice: 0.921]
[2023-11-07 11:59:31 AM-Train_2.py-INFO:epoch: 27, dataset: Kvasir, iou: 0.868]
[2023-11-07 11:59:39 AM-Train_2.py-INFO:epoch: 27, dataset: Endoscene, dice: 0.882]
[2023-11-07 11:59:39 AM-Train_2.py-INFO:epoch: 27, dataset: Endoscene, iou: 0.81]
[2023-11-07 12:00:26 PM-Train_2.py-INFO:epoch: 27, dataset: ColonDB, dice: 0.79]
[2023-11-07 12:00:26 PM-Train_2.py-INFO:epoch: 27, dataset: ColonDB, iou: 0.703]
[2023-11-07 12:04:39 PM-Train_2.py-INFO:epoch: 28, dataset: ClinicDB, dice: 0.925]
[2023-11-07 12:04:39 PM-Train_2.py-INFO:epoch: 28, dataset: ClinicDB, iou: 0.871]
[2023-11-07 12:04:54 PM-Train_2.py-INFO:epoch: 28, dataset: Kvasir, dice: 0.926]
[2023-11-07 12:04:54 PM-Train_2.py-INFO:epoch: 28, dataset: Kvasir, iou: 0.876]
[2023-11-07 12:05:02 PM-Train_2.py-INFO:epoch: 28, dataset: Endoscene, dice: 0.892]
[2023-11-07 12:05:02 PM-Train_2.py-INFO:epoch: 28, dataset: Endoscene, iou: 0.821]
[2023-11-07 12:05:51 PM-Train_2.py-INFO:epoch: 28, dataset: ColonDB, dice: 0.788]
[2023-11-07 12:05:51 PM-Train_2.py-INFO:epoch: 28, dataset: ColonDB, iou: 0.703]
[2023-11-07 12:10:04 PM-Train_2.py-INFO:epoch: 29, dataset: ClinicDB, dice: 0.923]
[2023-11-07 12:10:04 PM-Train_2.py-INFO:epoch: 29, dataset: ClinicDB, iou: 0.868]
[2023-11-07 12:10:19 PM-Train_2.py-INFO:epoch: 29, dataset: Kvasir, dice: 0.920]
[2023-11-07 12:10:19 PM-Train_2.py-INFO:epoch: 29, dataset: Kvasir, iou: 0.865]
[2023-11-07 12:10:27 PM-Train_2.py-INFO:epoch: 29, dataset: Endoscene, dice: 0.883]
[2023-11-07 12:10:27 PM-Train_2.py-INFO:epoch: 29, dataset: Endoscene, iou: 0.809]
[2023-11-07 12:11:17 PM-Train_2.py-INFO:epoch: 29, dataset: ColonDB, dice: 0.795]
[2023-11-07 12:11:17 PM-Train_2.py-INFO:epoch: 29, dataset: ColonDB, iou: 0.708]
[2023-11-07 12:15:30 PM-Train_2.py-INFO:epoch: 30, dataset: ClinicDB, dice: 0.922]
[2023-11-07 12:15:30 PM-Train_2.py-INFO:epoch: 30, dataset: ClinicDB, iou: 0.866]
[2023-11-07 12:15:44 PM-Train_2.py-INFO:epoch: 30, dataset: Kvasir, dice: 0.9]
[2023-11-07 12:15:44 PM-Train_2.py-INFO:epoch: 30, dataset: Kvasir, iou: 0.847]
[2023-11-07 12:15:52 PM-Train_2.py-INFO:epoch: 30, dataset: Endoscene, dice: 0.894]
[2023-11-07 12:15:52 PM-Train_2.py-INFO:epoch: 30, dataset: Endoscene, iou: 0.823]
[2023-11-07 12:16:41 PM-Train_2.py-INFO:epoch: 30, dataset: ColonDB, dice: 0.788]
[2023-11-07 12:16:41 PM-Train_2.py-INFO:epoch: 30, dataset: ColonDB, iou: 0.704]
[2023-11-07 12:20:55 PM-Train_2.py-INFO:epoch: 31, dataset: ClinicDB, dice: 0.872]
[2023-11-07 12:20:55 PM-Train_2.py-INFO:epoch: 31, dataset: ClinicDB, iou: 0.818]
[2023-11-07 12:21:09 PM-Train_2.py-INFO:epoch: 31, dataset: Kvasir, dice: 0.902]
[2023-11-07 12:21:09 PM-Train_2.py-INFO:epoch: 31, dataset: Kvasir, iou: 0.846]
[2023-11-07 12:21:17 PM-Train_2.py-INFO:epoch: 31, dataset: Endoscene, dice: 0.876]
[2023-11-07 12:21:17 PM-Train_2.py-INFO:epoch: 31, dataset: Endoscene, iou: 0.801]
[2023-11-07 12:22:05 PM-Train_2.py-INFO:epoch: 31, dataset: ColonDB, dice: 0.775]
[2023-11-07 12:22:05 PM-Train_2.py-INFO:epoch: 31, dataset: ColonDB, iou: 0.696]
[2023-11-07 12:26:19 PM-Train_2.py-INFO:epoch: 32, dataset: ClinicDB, dice: 0.925]
[2023-11-07 12:26:19 PM-Train_2.py-INFO:epoch: 32, dataset: ClinicDB, iou: 0.869]
[2023-11-07 12:26:33 PM-Train_2.py-INFO:epoch: 32, dataset: Kvasir, dice: 0.905]
[2023-11-07 12:26:33 PM-Train_2.py-INFO:epoch: 32, dataset: Kvasir, iou: 0.852]
[2023-11-07 12:26:41 PM-Train_2.py-INFO:epoch: 32, dataset: Endoscene, dice: 0.891]
[2023-11-07 12:26:41 PM-Train_2.py-INFO:epoch: 32, dataset: Endoscene, iou: 0.82]
[2023-11-07 12:27:29 PM-Train_2.py-INFO:epoch: 32, dataset: ColonDB, dice: 0.803]
[2023-11-07 12:27:29 PM-Train_2.py-INFO:epoch: 32, dataset: ColonDB, iou: 0.718]
[2023-11-07 12:31:43 PM-Train_2.py-INFO:epoch: 33, dataset: ClinicDB, dice: 0.916]
[2023-11-07 12:31:43 PM-Train_2.py-INFO:epoch: 33, dataset: ClinicDB, iou: 0.863]
[2023-11-07 12:31:57 PM-Train_2.py-INFO:epoch: 33, dataset: Kvasir, dice: 0.9]
[2023-11-07 12:31:57 PM-Train_2.py-INFO:epoch: 33, dataset: Kvasir, iou: 0.846]
[2023-11-07 12:32:05 PM-Train_2.py-INFO:epoch: 33, dataset: Endoscene, dice: 0.873]
[2023-11-07 12:32:05 PM-Train_2.py-INFO:epoch: 33, dataset: Endoscene, iou: 0.799]
[2023-11-07 12:32:54 PM-Train_2.py-INFO:epoch: 33, dataset: ColonDB, dice: 0.805]
[2023-11-07 12:32:54 PM-Train_2.py-INFO:epoch: 33, dataset: ColonDB, iou: 0.719]
[2023-11-07 12:37:08 PM-Train_2.py-INFO:epoch: 34, dataset: ClinicDB, dice: 0.901]
[2023-11-07 12:37:08 PM-Train_2.py-INFO:epoch: 34, dataset: ClinicDB, iou: 0.842]
[2023-11-07 12:37:23 PM-Train_2.py-INFO:epoch: 34, dataset: Kvasir, dice: 0.895]
[2023-11-07 12:37:23 PM-Train_2.py-INFO:epoch: 34, dataset: Kvasir, iou: 0.838]
[2023-11-07 12:37:32 PM-Train_2.py-INFO:epoch: 34, dataset: Endoscene, dice: 0.885]
[2023-11-07 12:37:32 PM-Train_2.py-INFO:epoch: 34, dataset: Endoscene, iou: 0.814]
[2023-11-07 12:38:21 PM-Train_2.py-INFO:epoch: 34, dataset: ColonDB, dice: 0.761]
[2023-11-07 12:38:21 PM-Train_2.py-INFO:epoch: 34, dataset: ColonDB, iou: 0.677]
[2023-11-07 12:42:34 PM-Train_2.py-INFO:epoch: 35, dataset: ClinicDB, dice: 0.927]
[2023-11-07 12:42:34 PM-Train_2.py-INFO:epoch: 35, dataset: ClinicDB, iou: 0.874]
[2023-11-07 12:42:50 PM-Train_2.py-INFO:epoch: 35, dataset: Kvasir, dice: 0.908]
[2023-11-07 12:42:50 PM-Train_2.py-INFO:epoch: 35, dataset: Kvasir, iou: 0.858]
[2023-11-07 12:42:59 PM-Train_2.py-INFO:epoch: 35, dataset: Endoscene, dice: 0.886]
[2023-11-07 12:42:59 PM-Train_2.py-INFO:epoch: 35, dataset: Endoscene, iou: 0.814]
[2023-11-07 12:43:49 PM-Train_2.py-INFO:epoch: 35, dataset: ColonDB, dice: 0.778]
[2023-11-07 12:43:49 PM-Train_2.py-INFO:epoch: 35, dataset: ColonDB, iou: 0.695]
[2023-11-07 12:48:03 PM-Train_2.py-INFO:epoch: 36, dataset: ClinicDB, dice: 0.925]
[2023-11-07 12:48:03 PM-Train_2.py-INFO:epoch: 36, dataset: ClinicDB, iou: 0.871]
[2023-11-07 12:48:18 PM-Train_2.py-INFO:epoch: 36, dataset: Kvasir, dice: 0.886]
[2023-11-07 12:48:18 PM-Train_2.py-INFO:epoch: 36, dataset: Kvasir, iou: 0.83]
[2023-11-07 12:48:26 PM-Train_2.py-INFO:epoch: 36, dataset: Endoscene, dice: 0.895]
[2023-11-07 12:48:26 PM-Train_2.py-INFO:epoch: 36, dataset: Endoscene, iou: 0.823]
[2023-11-07 12:49:17 PM-Train_2.py-INFO:epoch: 36, dataset: ColonDB, dice: 0.778]
[2023-11-07 12:49:17 PM-Train_2.py-INFO:epoch: 36, dataset: ColonDB, iou: 0.696]
[2023-11-07 12:53:31 PM-Train_2.py-INFO:epoch: 37, dataset: ClinicDB, dice: 0.923]
[2023-11-07 12:53:31 PM-Train_2.py-INFO:epoch: 37, dataset: ClinicDB, iou: 0.869]
[2023-11-07 12:53:47 PM-Train_2.py-INFO:epoch: 37, dataset: Kvasir, dice: 0.906]
[2023-11-07 12:53:47 PM-Train_2.py-INFO:epoch: 37, dataset: Kvasir, iou: 0.854]
[2023-11-07 12:53:56 PM-Train_2.py-INFO:epoch: 37, dataset: Endoscene, dice: 0.891]
[2023-11-07 12:53:56 PM-Train_2.py-INFO:epoch: 37, dataset: Endoscene, iou: 0.817]
[2023-11-07 12:54:49 PM-Train_2.py-INFO:epoch: 37, dataset: ColonDB, dice: 0.77]
[2023-11-07 12:54:49 PM-Train_2.py-INFO:epoch: 37, dataset: ColonDB, iou: 0.691]
[2023-11-07 12:59:03 PM-Train_2.py-INFO:epoch: 38, dataset: ClinicDB, dice: 0.93]
[2023-11-07 12:59:03 PM-Train_2.py-INFO:epoch: 38, dataset: ClinicDB, iou: 0.879]
[2023-11-07 12:59:19 PM-Train_2.py-INFO:epoch: 38, dataset: Kvasir, dice: 0.908]
[2023-11-07 12:59:19 PM-Train_2.py-INFO:epoch: 38, dataset: Kvasir, iou: 0.859]
[2023-11-07 12:59:27 PM-Train_2.py-INFO:epoch: 38, dataset: Endoscene, dice: 0.875]
[2023-11-07 12:59:27 PM-Train_2.py-INFO:epoch: 38, dataset: Endoscene, iou: 0.8]
[2023-11-07 01:00:17 PM-Train_2.py-INFO:epoch: 38, dataset: ColonDB, dice: 0.791]
[2023-11-07 01:00:17 PM-Train_2.py-INFO:epoch: 38, dataset: ColonDB, iou: 0.707]
[2023-11-07 01:04:31 PM-Train_2.py-INFO:epoch: 39, dataset: ClinicDB, dice: 0.928]
[2023-11-07 01:04:31 PM-Train_2.py-INFO:epoch: 39, dataset: ClinicDB, iou: 0.874]
[2023-11-07 01:04:46 PM-Train_2.py-INFO:epoch: 39, dataset: Kvasir, dice: 0.908]
[2023-11-07 01:04:46 PM-Train_2.py-INFO:epoch: 39, dataset: Kvasir, iou: 0.858]
[2023-11-07 01:04:54 PM-Train_2.py-INFO:epoch: 39, dataset: Endoscene, dice: 0.882]
[2023-11-07 01:04:54 PM-Train_2.py-INFO:epoch: 39, dataset: Endoscene, iou: 0.807]
[2023-11-07 01:05:44 PM-Train_2.py-INFO:epoch: 39, dataset: ColonDB, dice: 0.794]
[2023-11-07 01:05:44 PM-Train_2.py-INFO:epoch: 39, dataset: ColonDB, iou: 0.709]
[2023-11-07 01:09:57 PM-Train_2.py-INFO:epoch: 40, dataset: ClinicDB, dice: 0.926]
[2023-11-07 01:09:57 PM-Train_2.py-INFO:epoch: 40, dataset: ClinicDB, iou: 0.875]
[2023-11-07 01:10:11 PM-Train_2.py-INFO:epoch: 40, dataset: Kvasir, dice: 0.903]
[2023-11-07 01:10:11 PM-Train_2.py-INFO:epoch: 40, dataset: Kvasir, iou: 0.854]
[2023-11-07 01:10:19 PM-Train_2.py-INFO:epoch: 40, dataset: Endoscene, dice: 0.869]
[2023-11-07 01:10:19 PM-Train_2.py-INFO:epoch: 40, dataset: Endoscene, iou: 0.794]
[2023-11-07 01:11:05 PM-Train_2.py-INFO:epoch: 40, dataset: ColonDB, dice: 0.791]
[2023-11-07 01:11:05 PM-Train_2.py-INFO:epoch: 40, dataset: ColonDB, iou: 0.709]
[2023-11-07 01:15:18 PM-Train_2.py-INFO:epoch: 41, dataset: ClinicDB, dice: 0.93]
[2023-11-07 01:15:18 PM-Train_2.py-INFO:epoch: 41, dataset: ClinicDB, iou: 0.879]
[2023-11-07 01:15:33 PM-Train_2.py-INFO:epoch: 41, dataset: Kvasir, dice: 0.904]
[2023-11-07 01:15:33 PM-Train_2.py-INFO:epoch: 41, dataset: Kvasir, iou: 0.852]
[2023-11-07 01:15:41 PM-Train_2.py-INFO:epoch: 41, dataset: Endoscene, dice: 0.884]
[2023-11-07 01:15:41 PM-Train_2.py-INFO:epoch: 41, dataset: Endoscene, iou: 0.811]
[2023-11-07 01:16:30 PM-Train_2.py-INFO:epoch: 41, dataset: ColonDB, dice: 0.795]
[2023-11-07 01:16:30 PM-Train_2.py-INFO:epoch: 41, dataset: ColonDB, iou: 0.712]
[2023-11-07 01:20:43 PM-Train_2.py-INFO:epoch: 42, dataset: ClinicDB, dice: 0.932]
[2023-11-07 01:20:43 PM-Train_2.py-INFO:epoch: 42, dataset: ClinicDB, iou: 0.881]
[2023-11-07 01:20:57 PM-Train_2.py-INFO:epoch: 42, dataset: Kvasir, dice: 0.907]
[2023-11-07 01:20:57 PM-Train_2.py-INFO:epoch: 42, dataset: Kvasir, iou: 0.856]
[2023-11-07 01:21:05 PM-Train_2.py-INFO:epoch: 42, dataset: Endoscene, dice: 0.887]
[2023-11-07 01:21:05 PM-Train_2.py-INFO:epoch: 42, dataset: Endoscene, iou: 0.816]
[2023-11-07 01:21:53 PM-Train_2.py-INFO:epoch: 42, dataset: ColonDB, dice: 0.801]
[2023-11-07 01:21:53 PM-Train_2.py-INFO:epoch: 42, dataset: ColonDB, iou: 0.72]
[2023-11-07 01:26:06 PM-Train_2.py-INFO:epoch: 43, dataset: ClinicDB, dice: 0.927]
[2023-11-07 01:26:06 PM-Train_2.py-INFO:epoch: 43, dataset: ClinicDB, iou: 0.874]
[2023-11-07 01:26:21 PM-Train_2.py-INFO:epoch: 43, dataset: Kvasir, dice: 0.906]
[2023-11-07 01:26:21 PM-Train_2.py-INFO:epoch: 43, dataset: Kvasir, iou: 0.851]
[2023-11-07 01:26:29 PM-Train_2.py-INFO:epoch: 43, dataset: Endoscene, dice: 0.89]
[2023-11-07 01:26:29 PM-Train_2.py-INFO:epoch: 43, dataset: Endoscene, iou: 0.82]
[2023-11-07 01:27:17 PM-Train_2.py-INFO:epoch: 43, dataset: ColonDB, dice: 0.801]
[2023-11-07 01:27:17 PM-Train_2.py-INFO:epoch: 43, dataset: ColonDB, iou: 0.72]
[2023-11-07 01:31:30 PM-Train_2.py-INFO:epoch: 44, dataset: ClinicDB, dice: 0.929]
[2023-11-07 01:31:30 PM-Train_2.py-INFO:epoch: 44, dataset: ClinicDB, iou: 0.878]
[2023-11-07 01:31:44 PM-Train_2.py-INFO:epoch: 44, dataset: Kvasir, dice: 0.917]
[2023-11-07 01:31:44 PM-Train_2.py-INFO:epoch: 44, dataset: Kvasir, iou: 0.865]
[2023-11-07 01:31:52 PM-Train_2.py-INFO:epoch: 44, dataset: Endoscene, dice: 0.889]
[2023-11-07 01:31:52 PM-Train_2.py-INFO:epoch: 44, dataset: Endoscene, iou: 0.818]
[2023-11-07 01:32:39 PM-Train_2.py-INFO:epoch: 44, dataset: ColonDB, dice: 0.799]
[2023-11-07 01:32:39 PM-Train_2.py-INFO:epoch: 44, dataset: ColonDB, iou: 0.717]
[2023-11-07 01:36:52 PM-Train_2.py-INFO:epoch: 45, dataset: ClinicDB, dice: 0.935]
[2023-11-07 01:36:52 PM-Train_2.py-INFO:epoch: 45, dataset: ClinicDB, iou: 0.884]
[2023-11-07 01:37:07 PM-Train_2.py-INFO:epoch: 45, dataset: Kvasir, dice: 0.909]
[2023-11-07 01:37:07 PM-Train_2.py-INFO:epoch: 45, dataset: Kvasir, iou: 0.856]
[2023-11-07 01:37:15 PM-Train_2.py-INFO:epoch: 45, dataset: Endoscene, dice: 0.895]
[2023-11-07 01:37:15 PM-Train_2.py-INFO:epoch: 45, dataset: Endoscene, iou: 0.823]
[2023-11-07 01:38:02 PM-Train_2.py-INFO:epoch: 45, dataset: ColonDB, dice: 0.785]
[2023-11-07 01:38:02 PM-Train_2.py-INFO:epoch: 45, dataset: ColonDB, iou: 0.703]
[2023-11-07 01:42:15 PM-Train_2.py-INFO:epoch: 46, dataset: ClinicDB, dice: 0.93]
[2023-11-07 01:42:15 PM-Train_2.py-INFO:epoch: 46, dataset: ClinicDB, iou: 0.877]
[2023-11-07 01:42:30 PM-Train_2.py-INFO:epoch: 46, dataset: Kvasir, dice: 0.913]
[2023-11-07 01:42:30 PM-Train_2.py-INFO:epoch: 46, dataset: Kvasir, iou: 0.86]
[2023-11-07 01:42:38 PM-Train_2.py-INFO:epoch: 46, dataset: Endoscene, dice: 0.889]
[2023-11-07 01:42:38 PM-Train_2.py-INFO:epoch: 46, dataset: Endoscene, iou: 0.816]
[2023-11-07 01:43:27 PM-Train_2.py-INFO:epoch: 46, dataset: ColonDB, dice: 0.797]
[2023-11-07 01:43:27 PM-Train_2.py-INFO:epoch: 46, dataset: ColonDB, iou: 0.713]
[2023-11-07 01:47:41 PM-Train_2.py-INFO:epoch: 47, dataset: ClinicDB, dice: 0.924]
[2023-11-07 01:47:41 PM-Train_2.py-INFO:epoch: 47, dataset: ClinicDB, iou: 0.87]
[2023-11-07 01:47:55 PM-Train_2.py-INFO:epoch: 47, dataset: Kvasir, dice: 0.91]
[2023-11-07 01:47:55 PM-Train_2.py-INFO:epoch: 47, dataset: Kvasir, iou: 0.858]
[2023-11-07 01:48:04 PM-Train_2.py-INFO:epoch: 47, dataset: Endoscene, dice: 0.882]
[2023-11-07 01:48:04 PM-Train_2.py-INFO:epoch: 47, dataset: Endoscene, iou: 0.808]
[2023-11-07 01:48:54 PM-Train_2.py-INFO:epoch: 47, dataset: ColonDB, dice: 0.804]
[2023-11-07 01:48:54 PM-Train_2.py-INFO:epoch: 47, dataset: ColonDB, iou: 0.721]
[2023-11-07 01:53:08 PM-Train_2.py-INFO:epoch: 48, dataset: ClinicDB, dice: 0.928]
[2023-11-07 01:53:08 PM-Train_2.py-INFO:epoch: 48, dataset: ClinicDB, iou: 0.873]
[2023-11-07 01:53:23 PM-Train_2.py-INFO:epoch: 48, dataset: Kvasir, dice: 0.921]
[2023-11-07 01:53:23 PM-Train_2.py-INFO:epoch: 48, dataset: Kvasir, iou: 0.873]
[2023-11-07 01:53:31 PM-Train_2.py-INFO:epoch: 48, dataset: Endoscene, dice: 0.891]
[2023-11-07 01:53:31 PM-Train_2.py-INFO:epoch: 48, dataset: Endoscene, iou: 0.817]
[2023-11-07 01:54:19 PM-Train_2.py-INFO:epoch: 48, dataset: ColonDB, dice: 0.805]
[2023-11-07 01:54:19 PM-Train_2.py-INFO:epoch: 48, dataset: ColonDB, iou: 0.721]
[2023-11-07 01:58:31 PM-Train_2.py-INFO:epoch: 49, dataset: ClinicDB, dice: 0.932]
[2023-11-07 01:58:31 PM-Train_2.py-INFO:epoch: 49, dataset: ClinicDB, iou: 0.879]
[2023-11-07 01:58:46 PM-Train_2.py-INFO:epoch: 49, dataset: Kvasir, dice: 0.916]
[2023-11-07 01:58:46 PM-Train_2.py-INFO:epoch: 49, dataset: Kvasir, iou: 0.866]
[2023-11-07 01:58:54 PM-Train_2.py-INFO:epoch: 49, dataset: Endoscene, dice: 0.879]
[2023-11-07 01:58:54 PM-Train_2.py-INFO:epoch: 49, dataset: Endoscene, iou: 0.802]
[2023-11-07 01:59:42 PM-Train_2.py-INFO:epoch: 49, dataset: ColonDB, dice: 0.795]
[2023-11-07 01:59:42 PM-Train_2.py-INFO:epoch: 49, dataset: ColonDB, iou: 0.711]
[2023-11-07 02:03:54 PM-Train_2.py-INFO:epoch: 50, dataset: ClinicDB, dice: 0.929]
[2023-11-07 02:03:54 PM-Train_2.py-INFO:epoch: 50, dataset: ClinicDB, iou: 0.878]
[2023-11-07 02:04:07 PM-Train_2.py-INFO:epoch: 50, dataset: Kvasir, dice: 0.914]
[2023-11-07 02:04:07 PM-Train_2.py-INFO:epoch: 50, dataset: Kvasir, iou: 0.863]
[2023-11-07 02:04:14 PM-Train_2.py-INFO:epoch: 50, dataset: Endoscene, dice: 0.893]
[2023-11-07 02:04:14 PM-Train_2.py-INFO:epoch: 50, dataset: Endoscene, iou: 0.822]
[2023-11-07 02:04:55 PM-Train_2.py-INFO:epoch: 50, dataset: ColonDB, dice: 0.81]
[2023-11-07 02:04:55 PM-Train_2.py-INFO:epoch: 50, dataset: ColonDB, iou: 0.728]
[2023-11-07 02:09:05 PM-Train_2.py-INFO:epoch: 51, dataset: ClinicDB, dice: 0.938]
[2023-11-07 02:09:05 PM-Train_2.py-INFO:epoch: 51, dataset: ClinicDB, iou: 0.886]
[2023-11-07 02:09:18 PM-Train_2.py-INFO:epoch: 51, dataset: Kvasir, dice: 0.907]
[2023-11-07 02:09:18 PM-Train_2.py-INFO:epoch: 51, dataset: Kvasir, iou: 0.857]
[2023-11-07 02:09:25 PM-Train_2.py-INFO:epoch: 51, dataset: Endoscene, dice: 0.901]
[2023-11-07 02:09:25 PM-Train_2.py-INFO:epoch: 51, dataset: Endoscene, iou: 0.832]
[2023-11-07 02:10:06 PM-Train_2.py-INFO:epoch: 51, dataset: ColonDB, dice: 0.78]
[2023-11-07 02:10:06 PM-Train_2.py-INFO:epoch: 51, dataset: ColonDB, iou: 0.702]
[2023-11-07 02:14:17 PM-Train_2.py-INFO:epoch: 52, dataset: ClinicDB, dice: 0.938]
[2023-11-07 02:14:17 PM-Train_2.py-INFO:epoch: 52, dataset: ClinicDB, iou: 0.888]
[2023-11-07 02:14:30 PM-Train_2.py-INFO:epoch: 52, dataset: Kvasir, dice: 0.902]
[2023-11-07 02:14:30 PM-Train_2.py-INFO:epoch: 52, dataset: Kvasir, iou: 0.851]
[2023-11-07 02:14:37 PM-Train_2.py-INFO:epoch: 52, dataset: Endoscene, dice: 0.893]
[2023-11-07 02:14:37 PM-Train_2.py-INFO:epoch: 52, dataset: Endoscene, iou: 0.821]
[2023-11-07 02:15:18 PM-Train_2.py-INFO:epoch: 52, dataset: ColonDB, dice: 0.802]
[2023-11-07 02:15:18 PM-Train_2.py-INFO:epoch: 52, dataset: ColonDB, iou: 0.72]
[2023-11-07 02:19:32 PM-Train_2.py-INFO:epoch: 53, dataset: ClinicDB, dice: 0.938]
[2023-11-07 02:19:32 PM-Train_2.py-INFO:epoch: 53, dataset: ClinicDB, iou: 0.887]
[2023-11-07 02:19:49 PM-Train_2.py-INFO:epoch: 53, dataset: Kvasir, dice: 0.906]
[2023-11-07 02:19:49 PM-Train_2.py-INFO:epoch: 53, dataset: Kvasir, iou: 0.854]
[2023-11-07 02:19:58 PM-Train_2.py-INFO:epoch: 53, dataset: Endoscene, dice: 0.892]
[2023-11-07 02:19:58 PM-Train_2.py-INFO:epoch: 53, dataset: Endoscene, iou: 0.82]
[2023-11-07 02:20:51 PM-Train_2.py-INFO:epoch: 53, dataset: ColonDB, dice: 0.794]
[2023-11-07 02:20:51 PM-Train_2.py-INFO:epoch: 53, dataset: ColonDB, iou: 0.711]
[2023-11-07 02:25:07 PM-Train_2.py-INFO:epoch: 54, dataset: ClinicDB, dice: 0.939]
[2023-11-07 02:25:07 PM-Train_2.py-INFO:epoch: 54, dataset: ClinicDB, iou: 0.888]
[2023-11-07 02:25:22 PM-Train_2.py-INFO:epoch: 54, dataset: Kvasir, dice: 0.907]
[2023-11-07 02:25:22 PM-Train_2.py-INFO:epoch: 54, dataset: Kvasir, iou: 0.854]
[2023-11-07 02:25:31 PM-Train_2.py-INFO:epoch: 54, dataset: Endoscene, dice: 0.897]
[2023-11-07 02:25:31 PM-Train_2.py-INFO:epoch: 54, dataset: Endoscene, iou: 0.827]
[2023-11-07 02:26:23 PM-Train_2.py-INFO:epoch: 54, dataset: ColonDB, dice: 0.795]
[2023-11-07 02:26:23 PM-Train_2.py-INFO:epoch: 54, dataset: ColonDB, iou: 0.711]
[2023-11-07 02:30:37 PM-Train_2.py-INFO:epoch: 55, dataset: ClinicDB, dice: 0.935]
[2023-11-07 02:30:37 PM-Train_2.py-INFO:epoch: 55, dataset: ClinicDB, iou: 0.882]
[2023-11-07 02:30:52 PM-Train_2.py-INFO:epoch: 55, dataset: Kvasir, dice: 0.905]
[2023-11-07 02:30:52 PM-Train_2.py-INFO:epoch: 55, dataset: Kvasir, iou: 0.851]
[2023-11-07 02:31:01 PM-Train_2.py-INFO:epoch: 55, dataset: Endoscene, dice: 0.896]
[2023-11-07 02:31:01 PM-Train_2.py-INFO:epoch: 55, dataset: Endoscene, iou: 0.825]
[2023-11-07 02:31:48 PM-Train_2.py-INFO:epoch: 55, dataset: ColonDB, dice: 0.797]
[2023-11-07 02:31:48 PM-Train_2.py-INFO:epoch: 55, dataset: ColonDB, iou: 0.712]
[2023-11-07 02:36:01 PM-Train_2.py-INFO:epoch: 56, dataset: ClinicDB, dice: 0.936]
[2023-11-07 02:36:01 PM-Train_2.py-INFO:epoch: 56, dataset: ClinicDB, iou: 0.884]
[2023-11-07 02:36:14 PM-Train_2.py-INFO:epoch: 56, dataset: Kvasir, dice: 0.906]
[2023-11-07 02:36:14 PM-Train_2.py-INFO:epoch: 56, dataset: Kvasir, iou: 0.851]
[2023-11-07 02:36:22 PM-Train_2.py-INFO:epoch: 56, dataset: Endoscene, dice: 0.891]
[2023-11-07 02:36:22 PM-Train_2.py-INFO:epoch: 56, dataset: Endoscene, iou: 0.819]
[2023-11-07 02:37:07 PM-Train_2.py-INFO:epoch: 56, dataset: ColonDB, dice: 0.796]
[2023-11-07 02:37:07 PM-Train_2.py-INFO:epoch: 56, dataset: ColonDB, iou: 0.71]
[2023-11-07 02:41:19 PM-Train_2.py-INFO:epoch: 57, dataset: ClinicDB, dice: 0.933]
[2023-11-07 02:41:19 PM-Train_2.py-INFO:epoch: 57, dataset: ClinicDB, iou: 0.879]
[2023-11-07 02:41:32 PM-Train_2.py-INFO:epoch: 57, dataset: Kvasir, dice: 0.905]
[2023-11-07 02:41:32 PM-Train_2.py-INFO:epoch: 57, dataset: Kvasir, iou: 0.849]
[2023-11-07 02:41:39 PM-Train_2.py-INFO:epoch: 57, dataset: Endoscene, dice: 0.9]
[2023-11-07 02:41:39 PM-Train_2.py-INFO:epoch: 57, dataset: Endoscene, iou: 0.83]
[2023-11-07 02:42:22 PM-Train_2.py-INFO:epoch: 57, dataset: ColonDB, dice: 0.797]
[2023-11-07 02:42:22 PM-Train_2.py-INFO:epoch: 57, dataset: ColonDB, iou: 0.712]
[2023-11-07 02:46:33 PM-Train_2.py-INFO:epoch: 58, dataset: ClinicDB, dice: 0.931]
[2023-11-07 02:46:33 PM-Train_2.py-INFO:epoch: 58, dataset: ClinicDB, iou: 0.877]
[2023-11-07 02:46:46 PM-Train_2.py-INFO:epoch: 58, dataset: Kvasir, dice: 0.897]
[2023-11-07 02:46:46 PM-Train_2.py-INFO:epoch: 58, dataset: Kvasir, iou: 0.843]
[2023-11-07 02:46:54 PM-Train_2.py-INFO:epoch: 58, dataset: Endoscene, dice: 0.9]
[2023-11-07 02:46:54 PM-Train_2.py-INFO:epoch: 58, dataset: Endoscene, iou: 0.83]
[2023-11-07 02:47:37 PM-Train_2.py-INFO:epoch: 58, dataset: ColonDB, dice: 0.804]
[2023-11-07 02:47:37 PM-Train_2.py-INFO:epoch: 58, dataset: ColonDB, iou: 0.721]
[2023-11-07 02:51:48 PM-Train_2.py-INFO:epoch: 59, dataset: ClinicDB, dice: 0.925]
[2023-11-07 02:51:48 PM-Train_2.py-INFO:epoch: 59, dataset: ClinicDB, iou: 0.873]
[2023-11-07 02:52:02 PM-Train_2.py-INFO:epoch: 59, dataset: Kvasir, dice: 0.907]
[2023-11-07 02:52:02 PM-Train_2.py-INFO:epoch: 59, dataset: Kvasir, iou: 0.852]
[2023-11-07 02:52:09 PM-Train_2.py-INFO:epoch: 59, dataset: Endoscene, dice: 0.886]
[2023-11-07 02:52:09 PM-Train_2.py-INFO:epoch: 59, dataset: Endoscene, iou: 0.813]
[2023-11-07 02:52:52 PM-Train_2.py-INFO:epoch: 59, dataset: ColonDB, dice: 0.796]
[2023-11-07 02:52:52 PM-Train_2.py-INFO:epoch: 59, dataset: ColonDB, iou: 0.711]
[2023-11-07 02:57:02 PM-Train_2.py-INFO:epoch: 60, dataset: ClinicDB, dice: 0.933]
[2023-11-07 02:57:02 PM-Train_2.py-INFO:epoch: 60, dataset: ClinicDB, iou: 0.882]
[2023-11-07 02:57:15 PM-Train_2.py-INFO:epoch: 60, dataset: Kvasir, dice: 0.907]
[2023-11-07 02:57:15 PM-Train_2.py-INFO:epoch: 60, dataset: Kvasir, iou: 0.854]
[2023-11-07 02:57:22 PM-Train_2.py-INFO:epoch: 60, dataset: Endoscene, dice: 0.896]
[2023-11-07 02:57:22 PM-Train_2.py-INFO:epoch: 60, dataset: Endoscene, iou: 0.825]
[2023-11-07 02:58:05 PM-Train_2.py-INFO:epoch: 60, dataset: ColonDB, dice: 0.797]
[2023-11-07 02:58:05 PM-Train_2.py-INFO:epoch: 60, dataset: ColonDB, iou: 0.714]
[2023-11-07 03:02:16 PM-Train_2.py-INFO:epoch: 61, dataset: ClinicDB, dice: 0.931]
[2023-11-07 03:02:16 PM-Train_2.py-INFO:epoch: 61, dataset: ClinicDB, iou: 0.879]
[2023-11-07 03:02:29 PM-Train_2.py-INFO:epoch: 61, dataset: Kvasir, dice: 0.908]
[2023-11-07 03:02:29 PM-Train_2.py-INFO:epoch: 61, dataset: Kvasir, iou: 0.856]
[2023-11-07 03:02:36 PM-Train_2.py-INFO:epoch: 61, dataset: Endoscene, dice: 0.898]
[2023-11-07 03:02:36 PM-Train_2.py-INFO:epoch: 61, dataset: Endoscene, iou: 0.829]
[2023-11-07 03:03:18 PM-Train_2.py-INFO:epoch: 61, dataset: ColonDB, dice: 0.796]
[2023-11-07 03:03:18 PM-Train_2.py-INFO:epoch: 61, dataset: ColonDB, iou: 0.714]
[2023-11-07 03:07:29 PM-Train_2.py-INFO:epoch: 62, dataset: ClinicDB, dice: 0.928]
[2023-11-07 03:07:29 PM-Train_2.py-INFO:epoch: 62, dataset: ClinicDB, iou: 0.875]
[2023-11-07 03:07:42 PM-Train_2.py-INFO:epoch: 62, dataset: Kvasir, dice: 0.905]
[2023-11-07 03:07:42 PM-Train_2.py-INFO:epoch: 62, dataset: Kvasir, iou: 0.85]
[2023-11-07 03:07:49 PM-Train_2.py-INFO:epoch: 62, dataset: Endoscene, dice: 0.9]
[2023-11-07 03:07:49 PM-Train_2.py-INFO:epoch: 62, dataset: Endoscene, iou: 0.833]
[2023-11-07 03:08:31 PM-Train_2.py-INFO:epoch: 62, dataset: ColonDB, dice: 0.791]
[2023-11-07 03:08:31 PM-Train_2.py-INFO:epoch: 62, dataset: ColonDB, iou: 0.71]
[2023-11-07 03:12:42 PM-Train_2.py-INFO:epoch: 63, dataset: ClinicDB, dice: 0.925]
[2023-11-07 03:12:42 PM-Train_2.py-INFO:epoch: 63, dataset: ClinicDB, iou: 0.871]
[2023-11-07 03:12:56 PM-Train_2.py-INFO:epoch: 63, dataset: Kvasir, dice: 0.908]
[2023-11-07 03:12:56 PM-Train_2.py-INFO:epoch: 63, dataset: Kvasir, iou: 0.852]
[2023-11-07 03:13:03 PM-Train_2.py-INFO:epoch: 63, dataset: Endoscene, dice: 0.901]
[2023-11-07 03:13:03 PM-Train_2.py-INFO:epoch: 63, dataset: Endoscene, iou: 0.833]
[2023-11-07 03:13:45 PM-Train_2.py-INFO:epoch: 63, dataset: ColonDB, dice: 0.79]
[2023-11-07 03:13:45 PM-Train_2.py-INFO:epoch: 63, dataset: ColonDB, iou: 0.707]
[2023-11-07 03:17:57 PM-Train_2.py-INFO:epoch: 64, dataset: ClinicDB, dice: 0.927]
[2023-11-07 03:17:57 PM-Train_2.py-INFO:epoch: 64, dataset: ClinicDB, iou: 0.873]
[2023-11-07 03:18:10 PM-Train_2.py-INFO:epoch: 64, dataset: Kvasir, dice: 0.91]
[2023-11-07 03:18:10 PM-Train_2.py-INFO:epoch: 64, dataset: Kvasir, iou: 0.853]
[2023-11-07 03:18:17 PM-Train_2.py-INFO:epoch: 64, dataset: Endoscene, dice: 0.899]
[2023-11-07 03:18:17 PM-Train_2.py-INFO:epoch: 64, dataset: Endoscene, iou: 0.832]
[2023-11-07 03:18:59 PM-Train_2.py-INFO:epoch: 64, dataset: ColonDB, dice: 0.797]
[2023-11-07 03:18:59 PM-Train_2.py-INFO:epoch: 64, dataset: ColonDB, iou: 0.713]
[2023-11-07 03:23:10 PM-Train_2.py-INFO:epoch: 65, dataset: ClinicDB, dice: 0.93]
[2023-11-07 03:23:10 PM-Train_2.py-INFO:epoch: 65, dataset: ClinicDB, iou: 0.879]
[2023-11-07 03:23:23 PM-Train_2.py-INFO:epoch: 65, dataset: Kvasir, dice: 0.914]
[2023-11-07 03:23:23 PM-Train_2.py-INFO:epoch: 65, dataset: Kvasir, iou: 0.86]
[2023-11-07 03:23:30 PM-Train_2.py-INFO:epoch: 65, dataset: Endoscene, dice: 0.892]
[2023-11-07 03:23:30 PM-Train_2.py-INFO:epoch: 65, dataset: Endoscene, iou: 0.822]
[2023-11-07 03:24:12 PM-Train_2.py-INFO:epoch: 65, dataset: ColonDB, dice: 0.787]
[2023-11-07 03:24:12 PM-Train_2.py-INFO:epoch: 65, dataset: ColonDB, iou: 0.705]
[2023-11-07 03:28:23 PM-Train_2.py-INFO:epoch: 66, dataset: ClinicDB, dice: 0.931]
[2023-11-07 03:28:23 PM-Train_2.py-INFO:epoch: 66, dataset: ClinicDB, iou: 0.88]
[2023-11-07 03:28:35 PM-Train_2.py-INFO:epoch: 66, dataset: Kvasir, dice: 0.905]
[2023-11-07 03:28:35 PM-Train_2.py-INFO:epoch: 66, dataset: Kvasir, iou: 0.852]
[2023-11-07 03:28:43 PM-Train_2.py-INFO:epoch: 66, dataset: Endoscene, dice: 0.893]
[2023-11-07 03:28:43 PM-Train_2.py-INFO:epoch: 66, dataset: Endoscene, iou: 0.822]
[2023-11-07 03:29:27 PM-Train_2.py-INFO:epoch: 66, dataset: ColonDB, dice: 0.784]
[2023-11-07 03:29:27 PM-Train_2.py-INFO:epoch: 66, dataset: ColonDB, iou: 0.701]
[2023-11-07 03:33:37 PM-Train_2.py-INFO:epoch: 67, dataset: ClinicDB, dice: 0.927]
[2023-11-07 03:33:37 PM-Train_2.py-INFO:epoch: 67, dataset: ClinicDB, iou: 0.872]
[2023-11-07 03:33:50 PM-Train_2.py-INFO:epoch: 67, dataset: Kvasir, dice: 0.897]
[2023-11-07 03:33:50 PM-Train_2.py-INFO:epoch: 67, dataset: Kvasir, iou: 0.846]
[2023-11-07 03:33:57 PM-Train_2.py-INFO:epoch: 67, dataset: Endoscene, dice: 0.889]
[2023-11-07 03:33:57 PM-Train_2.py-INFO:epoch: 67, dataset: Endoscene, iou: 0.816]
[2023-11-07 03:34:39 PM-Train_2.py-INFO:epoch: 67, dataset: ColonDB, dice: 0.773]
[2023-11-07 03:34:39 PM-Train_2.py-INFO:epoch: 67, dataset: ColonDB, iou: 0.689]
[2023-11-07 03:38:51 PM-Train_2.py-INFO:epoch: 68, dataset: ClinicDB, dice: 0.933]
[2023-11-07 03:38:51 PM-Train_2.py-INFO:epoch: 68, dataset: ClinicDB, iou: 0.881]
[2023-11-07 03:39:04 PM-Train_2.py-INFO:epoch: 68, dataset: Kvasir, dice: 0.897]
[2023-11-07 03:39:04 PM-Train_2.py-INFO:epoch: 68, dataset: Kvasir, iou: 0.846]
[2023-11-07 03:39:11 PM-Train_2.py-INFO:epoch: 68, dataset: Endoscene, dice: 0.892]
[2023-11-07 03:39:11 PM-Train_2.py-INFO:epoch: 68, dataset: Endoscene, iou: 0.822]
[2023-11-07 03:39:53 PM-Train_2.py-INFO:epoch: 68, dataset: ColonDB, dice: 0.782]
[2023-11-07 03:39:53 PM-Train_2.py-INFO:epoch: 68, dataset: ColonDB, iou: 0.697]
[2023-11-07 03:44:04 PM-Train_2.py-INFO:epoch: 69, dataset: ClinicDB, dice: 0.934]
[2023-11-07 03:44:04 PM-Train_2.py-INFO:epoch: 69, dataset: ClinicDB, iou: 0.882]
[2023-11-07 03:44:16 PM-Train_2.py-INFO:epoch: 69, dataset: Kvasir, dice: 0.899]
[2023-11-07 03:44:16 PM-Train_2.py-INFO:epoch: 69, dataset: Kvasir, iou: 0.848]
[2023-11-07 03:44:23 PM-Train_2.py-INFO:epoch: 69, dataset: Endoscene, dice: 0.891]
[2023-11-07 03:44:23 PM-Train_2.py-INFO:epoch: 69, dataset: Endoscene, iou: 0.82]
[2023-11-07 03:45:05 PM-Train_2.py-INFO:epoch: 69, dataset: ColonDB, dice: 0.783]
[2023-11-07 03:45:05 PM-Train_2.py-INFO:epoch: 69, dataset: ColonDB, iou: 0.699]
[2023-11-07 03:49:16 PM-Train_2.py-INFO:epoch: 70, dataset: ClinicDB, dice: 0.938]
[2023-11-07 03:49:16 PM-Train_2.py-INFO:epoch: 70, dataset: ClinicDB, iou: 0.887]
[2023-11-07 03:49:29 PM-Train_2.py-INFO:epoch: 70, dataset: Kvasir, dice: 0.898]
[2023-11-07 03:49:29 PM-Train_2.py-INFO:epoch: 70, dataset: Kvasir, iou: 0.845]
[2023-11-07 03:49:36 PM-Train_2.py-INFO:epoch: 70, dataset: Endoscene, dice: 0.895]
[2023-11-07 03:49:36 PM-Train_2.py-INFO:epoch: 70, dataset: Endoscene, iou: 0.824]
[2023-11-07 03:50:19 PM-Train_2.py-INFO:epoch: 70, dataset: ColonDB, dice: 0.784]
[2023-11-07 03:50:19 PM-Train_2.py-INFO:epoch: 70, dataset: ColonDB, iou: 0.7]
[2023-11-07 03:54:30 PM-Train_2.py-INFO:epoch: 71, dataset: ClinicDB, dice: 0.935]
[2023-11-07 03:54:30 PM-Train_2.py-INFO:epoch: 71, dataset: ClinicDB, iou: 0.884]
[2023-11-07 03:54:42 PM-Train_2.py-INFO:epoch: 71, dataset: Kvasir, dice: 0.907]
[2023-11-07 03:54:42 PM-Train_2.py-INFO:epoch: 71, dataset: Kvasir, iou: 0.857]
[2023-11-07 03:54:49 PM-Train_2.py-INFO:epoch: 71, dataset: Endoscene, dice: 0.895]
[2023-11-07 03:54:49 PM-Train_2.py-INFO:epoch: 71, dataset: Endoscene, iou: 0.826]
[2023-11-07 03:55:30 PM-Train_2.py-INFO:epoch: 71, dataset: ColonDB, dice: 0.788]
[2023-11-07 03:55:30 PM-Train_2.py-INFO:epoch: 71, dataset: ColonDB, iou: 0.704]
[2023-11-07 03:59:41 PM-Train_2.py-INFO:epoch: 72, dataset: ClinicDB, dice: 0.932]
[2023-11-07 03:59:41 PM-Train_2.py-INFO:epoch: 72, dataset: ClinicDB, iou: 0.882]
[2023-11-07 03:59:54 PM-Train_2.py-INFO:epoch: 72, dataset: Kvasir, dice: 0.901]
[2023-11-07 03:59:54 PM-Train_2.py-INFO:epoch: 72, dataset: Kvasir, iou: 0.847]
[2023-11-07 04:00:01 PM-Train_2.py-INFO:epoch: 72, dataset: Endoscene, dice: 0.895]
[2023-11-07 04:00:01 PM-Train_2.py-INFO:epoch: 72, dataset: Endoscene, iou: 0.825]
[2023-11-07 04:00:43 PM-Train_2.py-INFO:epoch: 72, dataset: ColonDB, dice: 0.79]
[2023-11-07 04:00:43 PM-Train_2.py-INFO:epoch: 72, dataset: ColonDB, iou: 0.707]
[2023-11-07 04:04:54 PM-Train_2.py-INFO:epoch: 73, dataset: ClinicDB, dice: 0.937]
[2023-11-07 04:04:54 PM-Train_2.py-INFO:epoch: 73, dataset: ClinicDB, iou: 0.887]
[2023-11-07 04:05:07 PM-Train_2.py-INFO:epoch: 73, dataset: Kvasir, dice: 0.899]
[2023-11-07 04:05:07 PM-Train_2.py-INFO:epoch: 73, dataset: Kvasir, iou: 0.845]
[2023-11-07 04:05:14 PM-Train_2.py-INFO:epoch: 73, dataset: Endoscene, dice: 0.896]
[2023-11-07 04:05:14 PM-Train_2.py-INFO:epoch: 73, dataset: Endoscene, iou: 0.826]
[2023-11-07 04:05:56 PM-Train_2.py-INFO:epoch: 73, dataset: ColonDB, dice: 0.789]
[2023-11-07 04:05:56 PM-Train_2.py-INFO:epoch: 73, dataset: ColonDB, iou: 0.707]
[2023-11-07 04:10:07 PM-Train_2.py-INFO:epoch: 74, dataset: ClinicDB, dice: 0.932]
[2023-11-07 04:10:07 PM-Train_2.py-INFO:epoch: 74, dataset: ClinicDB, iou: 0.882]
[2023-11-07 04:10:19 PM-Train_2.py-INFO:epoch: 74, dataset: Kvasir, dice: 0.908]
[2023-11-07 04:10:19 PM-Train_2.py-INFO:epoch: 74, dataset: Kvasir, iou: 0.853]
[2023-11-07 04:10:26 PM-Train_2.py-INFO:epoch: 74, dataset: Endoscene, dice: 0.895]
[2023-11-07 04:10:26 PM-Train_2.py-INFO:epoch: 74, dataset: Endoscene, iou: 0.828]
[2023-11-07 04:11:08 PM-Train_2.py-INFO:epoch: 74, dataset: ColonDB, dice: 0.792]
[2023-11-07 04:11:08 PM-Train_2.py-INFO:epoch: 74, dataset: ColonDB, iou: 0.708]
[2023-11-07 04:15:19 PM-Train_2.py-INFO:epoch: 75, dataset: ClinicDB, dice: 0.937]
[2023-11-07 04:15:19 PM-Train_2.py-INFO:epoch: 75, dataset: ClinicDB, iou: 0.886]
[2023-11-07 04:15:32 PM-Train_2.py-INFO:epoch: 75, dataset: Kvasir, dice: 0.908]
[2023-11-07 04:15:32 PM-Train_2.py-INFO:epoch: 75, dataset: Kvasir, iou: 0.852]
[2023-11-07 04:15:39 PM-Train_2.py-INFO:epoch: 75, dataset: Endoscene, dice: 0.895]
[2023-11-07 04:15:39 PM-Train_2.py-INFO:epoch: 75, dataset: Endoscene, iou: 0.825]
[2023-11-07 04:16:21 PM-Train_2.py-INFO:epoch: 75, dataset: ColonDB, dice: 0.79]
[2023-11-07 04:16:21 PM-Train_2.py-INFO:epoch: 75, dataset: ColonDB, iou: 0.706]
[2023-11-07 04:20:33 PM-Train_2.py-INFO:epoch: 76, dataset: ClinicDB, dice: 0.93]
[2023-11-07 04:20:33 PM-Train_2.py-INFO:epoch: 76, dataset: ClinicDB, iou: 0.88]
[2023-11-07 04:20:46 PM-Train_2.py-INFO:epoch: 76, dataset: Kvasir, dice: 0.909]
[2023-11-07 04:20:46 PM-Train_2.py-INFO:epoch: 76, dataset: Kvasir, iou: 0.854]
[2023-11-07 04:20:53 PM-Train_2.py-INFO:epoch: 76, dataset: Endoscene, dice: 0.897]
[2023-11-07 04:20:53 PM-Train_2.py-INFO:epoch: 76, dataset: Endoscene, iou: 0.828]
[2023-11-07 04:21:35 PM-Train_2.py-INFO:epoch: 76, dataset: ColonDB, dice: 0.789]
[2023-11-07 04:21:35 PM-Train_2.py-INFO:epoch: 76, dataset: ColonDB, iou: 0.705]
[2023-11-07 04:25:47 PM-Train_2.py-INFO:epoch: 77, dataset: ClinicDB, dice: 0.93]
[2023-11-07 04:25:47 PM-Train_2.py-INFO:epoch: 77, dataset: ClinicDB, iou: 0.88]
[2023-11-07 04:26:01 PM-Train_2.py-INFO:epoch: 77, dataset: Kvasir, dice: 0.911]
[2023-11-07 04:26:01 PM-Train_2.py-INFO:epoch: 77, dataset: Kvasir, iou: 0.856]
[2023-11-07 04:26:08 PM-Train_2.py-INFO:epoch: 77, dataset: Endoscene, dice: 0.897]
[2023-11-07 04:26:08 PM-Train_2.py-INFO:epoch: 77, dataset: Endoscene, iou: 0.827]
[2023-11-07 04:26:55 PM-Train_2.py-INFO:epoch: 77, dataset: ColonDB, dice: 0.798]
[2023-11-07 04:26:55 PM-Train_2.py-INFO:epoch: 77, dataset: ColonDB, iou: 0.713]
[2023-11-07 04:31:06 PM-Train_2.py-INFO:epoch: 78, dataset: ClinicDB, dice: 0.903]
[2023-11-07 04:31:06 PM-Train_2.py-INFO:epoch: 78, dataset: ClinicDB, iou: 0.85]
[2023-11-07 04:31:20 PM-Train_2.py-INFO:epoch: 78, dataset: Kvasir, dice: 0.892]
[2023-11-07 04:31:20 PM-Train_2.py-INFO:epoch: 78, dataset: Kvasir, iou: 0.838]
[2023-11-07 04:31:27 PM-Train_2.py-INFO:epoch: 78, dataset: Endoscene, dice: 0.89]
[2023-11-07 04:31:27 PM-Train_2.py-INFO:epoch: 78, dataset: Endoscene, iou: 0.816]
[2023-11-07 04:32:10 PM-Train_2.py-INFO:epoch: 78, dataset: ColonDB, dice: 0.76]
[2023-11-07 04:32:10 PM-Train_2.py-INFO:epoch: 78, dataset: ColonDB, iou: 0.682]
[2023-11-07 04:36:21 PM-Train_2.py-INFO:epoch: 79, dataset: ClinicDB, dice: 0.925]
[2023-11-07 04:36:21 PM-Train_2.py-INFO:epoch: 79, dataset: ClinicDB, iou: 0.87]
[2023-11-07 04:36:34 PM-Train_2.py-INFO:epoch: 79, dataset: Kvasir, dice: 0.885]
[2023-11-07 04:36:34 PM-Train_2.py-INFO:epoch: 79, dataset: Kvasir, iou: 0.828]
[2023-11-07 04:36:40 PM-Train_2.py-INFO:epoch: 79, dataset: Endoscene, dice: 0.883]
[2023-11-07 04:36:40 PM-Train_2.py-INFO:epoch: 79, dataset: Endoscene, iou: 0.814]
[2023-11-07 04:37:23 PM-Train_2.py-INFO:epoch: 79, dataset: ColonDB, dice: 0.773]
[2023-11-07 04:37:23 PM-Train_2.py-INFO:epoch: 79, dataset: ColonDB, iou: 0.694]
[2023-11-07 04:41:34 PM-Train_2.py-INFO:epoch: 80, dataset: ClinicDB, dice: 0.933]
[2023-11-07 04:41:34 PM-Train_2.py-INFO:epoch: 80, dataset: ClinicDB, iou: 0.881]
[2023-11-07 04:41:46 PM-Train_2.py-INFO:epoch: 80, dataset: Kvasir, dice: 0.892]
[2023-11-07 04:41:46 PM-Train_2.py-INFO:epoch: 80, dataset: Kvasir, iou: 0.835]
[2023-11-07 04:41:53 PM-Train_2.py-INFO:epoch: 80, dataset: Endoscene, dice: 0.894]
[2023-11-07 04:41:53 PM-Train_2.py-INFO:epoch: 80, dataset: Endoscene, iou: 0.822]
[2023-11-07 04:42:35 PM-Train_2.py-INFO:epoch: 80, dataset: ColonDB, dice: 0.788]
[2023-11-07 04:42:35 PM-Train_2.py-INFO:epoch: 80, dataset: ColonDB, iou: 0.709]
[2023-11-07 04:46:47 PM-Train_2.py-INFO:epoch: 81, dataset: ClinicDB, dice: 0.936]
[2023-11-07 04:46:47 PM-Train_2.py-INFO:epoch: 81, dataset: ClinicDB, iou: 0.885]
[2023-11-07 04:47:00 PM-Train_2.py-INFO:epoch: 81, dataset: Kvasir, dice: 0.899]
[2023-11-07 04:47:00 PM-Train_2.py-INFO:epoch: 81, dataset: Kvasir, iou: 0.846]
[2023-11-07 04:47:07 PM-Train_2.py-INFO:epoch: 81, dataset: Endoscene, dice: 0.9]
[2023-11-07 04:47:07 PM-Train_2.py-INFO:epoch: 81, dataset: Endoscene, iou: 0.829]
[2023-11-07 04:47:52 PM-Train_2.py-INFO:epoch: 81, dataset: ColonDB, dice: 0.792]
[2023-11-07 04:47:52 PM-Train_2.py-INFO:epoch: 81, dataset: ColonDB, iou: 0.714]
[2023-11-07 04:52:03 PM-Train_2.py-INFO:epoch: 82, dataset: ClinicDB, dice: 0.936]
[2023-11-07 04:52:03 PM-Train_2.py-INFO:epoch: 82, dataset: ClinicDB, iou: 0.885]
[2023-11-07 04:52:16 PM-Train_2.py-INFO:epoch: 82, dataset: Kvasir, dice: 0.896]
[2023-11-07 04:52:16 PM-Train_2.py-INFO:epoch: 82, dataset: Kvasir, iou: 0.843]
[2023-11-07 04:52:23 PM-Train_2.py-INFO:epoch: 82, dataset: Endoscene, dice: 0.901]
[2023-11-07 04:52:23 PM-Train_2.py-INFO:epoch: 82, dataset: Endoscene, iou: 0.831]
[2023-11-07 04:53:08 PM-Train_2.py-INFO:epoch: 82, dataset: ColonDB, dice: 0.799]
[2023-11-07 04:53:08 PM-Train_2.py-INFO:epoch: 82, dataset: ColonDB, iou: 0.72]
[2023-11-07 04:57:21 PM-Train_2.py-INFO:epoch: 83, dataset: ClinicDB, dice: 0.936]
[2023-11-07 04:57:21 PM-Train_2.py-INFO:epoch: 83, dataset: ClinicDB, iou: 0.884]
[2023-11-07 04:57:34 PM-Train_2.py-INFO:epoch: 83, dataset: Kvasir, dice: 0.899]
[2023-11-07 04:57:34 PM-Train_2.py-INFO:epoch: 83, dataset: Kvasir, iou: 0.847]
[2023-11-07 04:57:42 PM-Train_2.py-INFO:epoch: 83, dataset: Endoscene, dice: 0.898]
[2023-11-07 04:57:42 PM-Train_2.py-INFO:epoch: 83, dataset: Endoscene, iou: 0.827]
[2023-11-07 04:58:29 PM-Train_2.py-INFO:epoch: 83, dataset: ColonDB, dice: 0.793]
[2023-11-07 04:58:29 PM-Train_2.py-INFO:epoch: 83, dataset: ColonDB, iou: 0.715]
[2023-11-07 05:02:39 PM-Train_2.py-INFO:epoch: 84, dataset: ClinicDB, dice: 0.941]
[2023-11-07 05:02:39 PM-Train_2.py-INFO:epoch: 84, dataset: ClinicDB, iou: 0.892]
[2023-11-07 05:02:52 PM-Train_2.py-INFO:epoch: 84, dataset: Kvasir, dice: 0.905]
[2023-11-07 05:02:52 PM-Train_2.py-INFO:epoch: 84, dataset: Kvasir, iou: 0.854]
[2023-11-07 05:02:59 PM-Train_2.py-INFO:epoch: 84, dataset: Endoscene, dice: 0.901]
[2023-11-07 05:02:59 PM-Train_2.py-INFO:epoch: 84, dataset: Endoscene, iou: 0.832]
[2023-11-07 05:03:41 PM-Train_2.py-INFO:epoch: 84, dataset: ColonDB, dice: 0.802]
[2023-11-07 05:03:41 PM-Train_2.py-INFO:epoch: 84, dataset: ColonDB, iou: 0.721]
[2023-11-07 05:07:51 PM-Train_2.py-INFO:epoch: 85, dataset: ClinicDB, dice: 0.934]
[2023-11-07 05:07:51 PM-Train_2.py-INFO:epoch: 85, dataset: ClinicDB, iou: 0.883]
[2023-11-07 05:08:04 PM-Train_2.py-INFO:epoch: 85, dataset: Kvasir, dice: 0.905]
[2023-11-07 05:08:04 PM-Train_2.py-INFO:epoch: 85, dataset: Kvasir, iou: 0.853]
[2023-11-07 05:08:11 PM-Train_2.py-INFO:epoch: 85, dataset: Endoscene, dice: 0.902]
[2023-11-07 05:08:11 PM-Train_2.py-INFO:epoch: 85, dataset: Endoscene, iou: 0.834]
[2023-11-07 05:08:52 PM-Train_2.py-INFO:epoch: 85, dataset: ColonDB, dice: 0.801]
[2023-11-07 05:08:52 PM-Train_2.py-INFO:epoch: 85, dataset: ColonDB, iou: 0.721]
[2023-11-07 05:13:03 PM-Train_2.py-INFO:epoch: 86, dataset: ClinicDB, dice: 0.939]
[2023-11-07 05:13:03 PM-Train_2.py-INFO:epoch: 86, dataset: ClinicDB, iou: 0.889]
[2023-11-07 05:13:16 PM-Train_2.py-INFO:epoch: 86, dataset: Kvasir, dice: 0.907]
[2023-11-07 05:13:16 PM-Train_2.py-INFO:epoch: 86, dataset: Kvasir, iou: 0.854]
[2023-11-07 05:13:23 PM-Train_2.py-INFO:epoch: 86, dataset: Endoscene, dice: 0.904]
[2023-11-07 05:13:23 PM-Train_2.py-INFO:epoch: 86, dataset: Endoscene, iou: 0.837]
[2023-11-07 05:14:04 PM-Train_2.py-INFO:epoch: 86, dataset: ColonDB, dice: 0.802]
[2023-11-07 05:14:04 PM-Train_2.py-INFO:epoch: 86, dataset: ColonDB, iou: 0.721]
[2023-11-07 05:18:15 PM-Train_2.py-INFO:epoch: 87, dataset: ClinicDB, dice: 0.931]
[2023-11-07 05:18:15 PM-Train_2.py-INFO:epoch: 87, dataset: ClinicDB, iou: 0.882]
[2023-11-07 05:18:27 PM-Train_2.py-INFO:epoch: 87, dataset: Kvasir, dice: 0.905]
[2023-11-07 05:18:27 PM-Train_2.py-INFO:epoch: 87, dataset: Kvasir, iou: 0.852]
[2023-11-07 05:18:35 PM-Train_2.py-INFO:epoch: 87, dataset: Endoscene, dice: 0.903]
[2023-11-07 05:18:35 PM-Train_2.py-INFO:epoch: 87, dataset: Endoscene, iou: 0.836]
[2023-11-07 05:19:17 PM-Train_2.py-INFO:epoch: 87, dataset: ColonDB, dice: 0.804]
[2023-11-07 05:19:17 PM-Train_2.py-INFO:epoch: 87, dataset: ColonDB, iou: 0.722]
[2023-11-07 05:23:27 PM-Train_2.py-INFO:epoch: 88, dataset: ClinicDB, dice: 0.932]
[2023-11-07 05:23:27 PM-Train_2.py-INFO:epoch: 88, dataset: ClinicDB, iou: 0.882]
[2023-11-07 05:23:39 PM-Train_2.py-INFO:epoch: 88, dataset: Kvasir, dice: 0.907]
[2023-11-07 05:23:39 PM-Train_2.py-INFO:epoch: 88, dataset: Kvasir, iou: 0.852]
[2023-11-07 05:23:46 PM-Train_2.py-INFO:epoch: 88, dataset: Endoscene, dice: 0.898]
[2023-11-07 05:23:46 PM-Train_2.py-INFO:epoch: 88, dataset: Endoscene, iou: 0.83]
[2023-11-07 05:24:27 PM-Train_2.py-INFO:epoch: 88, dataset: ColonDB, dice: 0.803]
[2023-11-07 05:24:27 PM-Train_2.py-INFO:epoch: 88, dataset: ColonDB, iou: 0.722]
[2023-11-07 05:28:38 PM-Train_2.py-INFO:epoch: 89, dataset: ClinicDB, dice: 0.936]
[2023-11-07 05:28:38 PM-Train_2.py-INFO:epoch: 89, dataset: ClinicDB, iou: 0.887]
[2023-11-07 05:28:50 PM-Train_2.py-INFO:epoch: 89, dataset: Kvasir, dice: 0.904]
[2023-11-07 05:28:50 PM-Train_2.py-INFO:epoch: 89, dataset: Kvasir, iou: 0.848]
[2023-11-07 05:28:57 PM-Train_2.py-INFO:epoch: 89, dataset: Endoscene, dice: 0.902]
[2023-11-07 05:28:57 PM-Train_2.py-INFO:epoch: 89, dataset: Endoscene, iou: 0.834]
[2023-11-07 05:29:38 PM-Train_2.py-INFO:epoch: 89, dataset: ColonDB, dice: 0.796]
[2023-11-07 05:29:38 PM-Train_2.py-INFO:epoch: 89, dataset: ColonDB, iou: 0.716]
[2023-11-07 05:33:48 PM-Train_2.py-INFO:epoch: 90, dataset: ClinicDB, dice: 0.94]
[2023-11-07 05:33:48 PM-Train_2.py-INFO:epoch: 90, dataset: ClinicDB, iou: 0.891]
[2023-11-07 05:34:01 PM-Train_2.py-INFO:epoch: 90, dataset: Kvasir, dice: 0.91]
[2023-11-07 05:34:01 PM-Train_2.py-INFO:epoch: 90, dataset: Kvasir, iou: 0.857]
[2023-11-07 05:34:07 PM-Train_2.py-INFO:epoch: 90, dataset: Endoscene, dice: 0.911]
[2023-11-07 05:34:07 PM-Train_2.py-INFO:epoch: 90, dataset: Endoscene, iou: 0.846]
[2023-11-07 05:34:48 PM-Train_2.py-INFO:epoch: 90, dataset: ColonDB, dice: 0.799]
[2023-11-07 05:34:48 PM-Train_2.py-INFO:epoch: 90, dataset: ColonDB, iou: 0.717]
[2023-11-07 05:38:59 PM-Train_2.py-INFO:epoch: 91, dataset: ClinicDB, dice: 0.931]
[2023-11-07 05:38:59 PM-Train_2.py-INFO:epoch: 91, dataset: ClinicDB, iou: 0.879]
[2023-11-07 05:39:11 PM-Train_2.py-INFO:epoch: 91, dataset: Kvasir, dice: 0.906]
[2023-11-07 05:39:11 PM-Train_2.py-INFO:epoch: 91, dataset: Kvasir, iou: 0.854]
[2023-11-07 05:39:19 PM-Train_2.py-INFO:epoch: 91, dataset: Endoscene, dice: 0.894]
[2023-11-07 05:39:19 PM-Train_2.py-INFO:epoch: 91, dataset: Endoscene, iou: 0.824]
[2023-11-07 05:40:00 PM-Train_2.py-INFO:epoch: 91, dataset: ColonDB, dice: 0.803]
[2023-11-07 05:40:00 PM-Train_2.py-INFO:epoch: 91, dataset: ColonDB, iou: 0.717]
[2023-11-07 05:44:11 PM-Train_2.py-INFO:epoch: 92, dataset: ClinicDB, dice: 0.933]
[2023-11-07 05:44:11 PM-Train_2.py-INFO:epoch: 92, dataset: ClinicDB, iou: 0.881]
[2023-11-07 05:44:24 PM-Train_2.py-INFO:epoch: 92, dataset: Kvasir, dice: 0.906]
[2023-11-07 05:44:24 PM-Train_2.py-INFO:epoch: 92, dataset: Kvasir, iou: 0.852]
[2023-11-07 05:44:31 PM-Train_2.py-INFO:epoch: 92, dataset: Endoscene, dice: 0.895]
[2023-11-07 05:44:31 PM-Train_2.py-INFO:epoch: 92, dataset: Endoscene, iou: 0.824]
[2023-11-07 05:45:13 PM-Train_2.py-INFO:epoch: 92, dataset: ColonDB, dice: 0.8]
[2023-11-07 05:45:13 PM-Train_2.py-INFO:epoch: 92, dataset: ColonDB, iou: 0.713]
[2023-11-07 05:49:24 PM-Train_2.py-INFO:epoch: 93, dataset: ClinicDB, dice: 0.936]
[2023-11-07 05:49:24 PM-Train_2.py-INFO:epoch: 93, dataset: ClinicDB, iou: 0.884]
[2023-11-07 05:49:37 PM-Train_2.py-INFO:epoch: 93, dataset: Kvasir, dice: 0.9]
[2023-11-07 05:49:37 PM-Train_2.py-INFO:epoch: 93, dataset: Kvasir, iou: 0.848]
[2023-11-07 05:49:44 PM-Train_2.py-INFO:epoch: 93, dataset: Endoscene, dice: 0.897]
[2023-11-07 05:49:44 PM-Train_2.py-INFO:epoch: 93, dataset: Endoscene, iou: 0.826]
[2023-11-07 05:50:25 PM-Train_2.py-INFO:epoch: 93, dataset: ColonDB, dice: 0.793]
[2023-11-07 05:50:25 PM-Train_2.py-INFO:epoch: 93, dataset: ColonDB, iou: 0.708]
[2023-11-07 05:54:36 PM-Train_2.py-INFO:epoch: 94, dataset: ClinicDB, dice: 0.937]
[2023-11-07 05:54:36 PM-Train_2.py-INFO:epoch: 94, dataset: ClinicDB, iou: 0.887]
[2023-11-07 05:54:48 PM-Train_2.py-INFO:epoch: 94, dataset: Kvasir, dice: 0.898]
[2023-11-07 05:54:48 PM-Train_2.py-INFO:epoch: 94, dataset: Kvasir, iou: 0.848]
[2023-11-07 05:54:56 PM-Train_2.py-INFO:epoch: 94, dataset: Endoscene, dice: 0.905]
[2023-11-07 05:54:56 PM-Train_2.py-INFO:epoch: 94, dataset: Endoscene, iou: 0.838]
[2023-11-07 05:55:37 PM-Train_2.py-INFO:epoch: 94, dataset: ColonDB, dice: 0.792]
[2023-11-07 05:55:37 PM-Train_2.py-INFO:epoch: 94, dataset: ColonDB, iou: 0.712]
[2023-11-07 05:59:48 PM-Train_2.py-INFO:epoch: 95, dataset: ClinicDB, dice: 0.933]
[2023-11-07 05:59:48 PM-Train_2.py-INFO:epoch: 95, dataset: ClinicDB, iou: 0.885]
[2023-11-07 06:00:00 PM-Train_2.py-INFO:epoch: 95, dataset: Kvasir, dice: 0.907]
[2023-11-07 06:00:00 PM-Train_2.py-INFO:epoch: 95, dataset: Kvasir, iou: 0.858]
[2023-11-07 06:00:07 PM-Train_2.py-INFO:epoch: 95, dataset: Endoscene, dice: 0.895]
[2023-11-07 06:00:07 PM-Train_2.py-INFO:epoch: 95, dataset: Endoscene, iou: 0.827]
[2023-11-07 06:00:49 PM-Train_2.py-INFO:epoch: 95, dataset: ColonDB, dice: 0.803]
[2023-11-07 06:00:49 PM-Train_2.py-INFO:epoch: 95, dataset: ColonDB, iou: 0.724]
[2023-11-07 06:05:00 PM-Train_2.py-INFO:epoch: 96, dataset: ClinicDB, dice: 0.932]
[2023-11-07 06:05:00 PM-Train_2.py-INFO:epoch: 96, dataset: ClinicDB, iou: 0.883]
[2023-11-07 06:05:12 PM-Train_2.py-INFO:epoch: 96, dataset: Kvasir, dice: 0.91]
[2023-11-07 06:05:12 PM-Train_2.py-INFO:epoch: 96, dataset: Kvasir, iou: 0.859]
[2023-11-07 06:05:19 PM-Train_2.py-INFO:epoch: 96, dataset: Endoscene, dice: 0.907]
[2023-11-07 06:05:19 PM-Train_2.py-INFO:epoch: 96, dataset: Endoscene, iou: 0.841]
[2023-11-07 06:06:01 PM-Train_2.py-INFO:epoch: 96, dataset: ColonDB, dice: 0.796]
[2023-11-07 06:06:01 PM-Train_2.py-INFO:epoch: 96, dataset: ColonDB, iou: 0.715]
[2023-11-07 06:10:12 PM-Train_2.py-INFO:epoch: 97, dataset: ClinicDB, dice: 0.932]
[2023-11-07 06:10:12 PM-Train_2.py-INFO:epoch: 97, dataset: ClinicDB, iou: 0.885]
[2023-11-07 06:10:25 PM-Train_2.py-INFO:epoch: 97, dataset: Kvasir, dice: 0.909]
[2023-11-07 06:10:25 PM-Train_2.py-INFO:epoch: 97, dataset: Kvasir, iou: 0.858]
[2023-11-07 06:10:32 PM-Train_2.py-INFO:epoch: 97, dataset: Endoscene, dice: 0.902]
[2023-11-07 06:10:32 PM-Train_2.py-INFO:epoch: 97, dataset: Endoscene, iou: 0.837]
[2023-11-07 06:11:13 PM-Train_2.py-INFO:epoch: 97, dataset: ColonDB, dice: 0.787]
[2023-11-07 06:11:13 PM-Train_2.py-INFO:epoch: 97, dataset: ColonDB, iou: 0.708]
[2023-11-07 06:15:25 PM-Train_2.py-INFO:epoch: 98, dataset: ClinicDB, dice: 0.922]
[2023-11-07 06:15:25 PM-Train_2.py-INFO:epoch: 98, dataset: ClinicDB, iou: 0.869]
[2023-11-07 06:15:37 PM-Train_2.py-INFO:epoch: 98, dataset: Kvasir, dice: 0.888]
[2023-11-07 06:15:37 PM-Train_2.py-INFO:epoch: 98, dataset: Kvasir, iou: 0.829]
[2023-11-07 06:15:44 PM-Train_2.py-INFO:epoch: 98, dataset: Endoscene, dice: 0.897]
[2023-11-07 06:15:44 PM-Train_2.py-INFO:epoch: 98, dataset: Endoscene, iou: 0.83]
[2023-11-07 06:16:24 PM-Train_2.py-INFO:epoch: 98, dataset: ColonDB, dice: 0.788]
[2023-11-07 06:16:24 PM-Train_2.py-INFO:epoch: 98, dataset: ColonDB, iou: 0.71]
[2023-11-07 06:20:34 PM-Train_2.py-INFO:epoch: 99, dataset: ClinicDB, dice: 0.932]
[2023-11-07 06:20:34 PM-Train_2.py-INFO:epoch: 99, dataset: ClinicDB, iou: 0.884]
[2023-11-07 06:20:47 PM-Train_2.py-INFO:epoch: 99, dataset: Kvasir, dice: 0.909]
[2023-11-07 06:20:47 PM-Train_2.py-INFO:epoch: 99, dataset: Kvasir, iou: 0.855]
[2023-11-07 06:20:54 PM-Train_2.py-INFO:epoch: 99, dataset: Endoscene, dice: 0.894]
[2023-11-07 06:20:54 PM-Train_2.py-INFO:epoch: 99, dataset: Endoscene, iou: 0.826]
[2023-11-07 06:21:34 PM-Train_2.py-INFO:epoch: 99, dataset: ColonDB, dice: 0.796]
[2023-11-07 06:21:34 PM-Train_2.py-INFO:epoch: 99, dataset: ColonDB, iou: 0.718]
[2023-11-07 06:25:45 PM-Train_2.py-INFO:epoch: 100, dataset: ClinicDB, dice: 0.942]
[2023-11-07 06:25:45 PM-Train_2.py-INFO:epoch: 100, dataset: ClinicDB, iou: 0.893]
[2023-11-07 06:25:58 PM-Train_2.py-INFO:epoch: 100, dataset: Kvasir, dice: 0.901]
[2023-11-07 06:25:58 PM-Train_2.py-INFO:epoch: 100, dataset: Kvasir, iou: 0.848]
[2023-11-07 06:26:06 PM-Train_2.py-INFO:epoch: 100, dataset: Endoscene, dice: 0.897]
[2023-11-07 06:26:06 PM-Train_2.py-INFO:epoch: 100, dataset: Endoscene, iou: 0.828]
[2023-11-07 06:26:47 PM-Train_2.py-INFO:epoch: 100, dataset: ColonDB, dice: 0.804]
[2023-11-07 06:26:47 PM-Train_2.py-INFO:epoch: 100, dataset: ColonDB, iou: 0.723]
[2023-11-07 06:30:58 PM-Train_2.py-INFO:epoch: 101, dataset: ClinicDB, dice: 0.938]
[2023-11-07 06:30:58 PM-Train_2.py-INFO:epoch: 101, dataset: ClinicDB, iou: 0.887]
[2023-11-07 06:31:10 PM-Train_2.py-INFO:epoch: 101, dataset: Kvasir, dice: 0.895]
[2023-11-07 06:31:10 PM-Train_2.py-INFO:epoch: 101, dataset: Kvasir, iou: 0.838]
[2023-11-07 06:31:18 PM-Train_2.py-INFO:epoch: 101, dataset: Endoscene, dice: 0.896]
[2023-11-07 06:31:18 PM-Train_2.py-INFO:epoch: 101, dataset: Endoscene, iou: 0.825]
[2023-11-07 06:31:58 PM-Train_2.py-INFO:epoch: 101, dataset: ColonDB, dice: 0.802]
[2023-11-07 06:31:58 PM-Train_2.py-INFO:epoch: 101, dataset: ColonDB, iou: 0.723]
[2023-11-07 06:36:09 PM-Train_2.py-INFO:epoch: 102, dataset: ClinicDB, dice: 0.931]
[2023-11-07 06:36:09 PM-Train_2.py-INFO:epoch: 102, dataset: ClinicDB, iou: 0.877]
[2023-11-07 06:36:21 PM-Train_2.py-INFO:epoch: 102, dataset: Kvasir, dice: 0.904]
[2023-11-07 06:36:21 PM-Train_2.py-INFO:epoch: 102, dataset: Kvasir, iou: 0.849]
[2023-11-07 06:36:28 PM-Train_2.py-INFO:epoch: 102, dataset: Endoscene, dice: 0.882]
[2023-11-07 06:36:28 PM-Train_2.py-INFO:epoch: 102, dataset: Endoscene, iou: 0.809]
[2023-11-07 06:37:09 PM-Train_2.py-INFO:epoch: 102, dataset: ColonDB, dice: 0.798]
[2023-11-07 06:37:09 PM-Train_2.py-INFO:epoch: 102, dataset: ColonDB, iou: 0.718]
[2023-11-07 06:41:20 PM-Train_2.py-INFO:epoch: 103, dataset: ClinicDB, dice: 0.938]
[2023-11-07 06:41:20 PM-Train_2.py-INFO:epoch: 103, dataset: ClinicDB, iou: 0.887]
[2023-11-07 06:41:32 PM-Train_2.py-INFO:epoch: 103, dataset: Kvasir, dice: 0.904]
[2023-11-07 06:41:32 PM-Train_2.py-INFO:epoch: 103, dataset: Kvasir, iou: 0.851]
[2023-11-07 06:41:39 PM-Train_2.py-INFO:epoch: 103, dataset: Endoscene, dice: 0.908]
[2023-11-07 06:41:39 PM-Train_2.py-INFO:epoch: 103, dataset: Endoscene, iou: 0.842]
[2023-11-07 06:42:20 PM-Train_2.py-INFO:epoch: 103, dataset: ColonDB, dice: 0.806]
[2023-11-07 06:42:20 PM-Train_2.py-INFO:epoch: 103, dataset: ColonDB, iou: 0.727]
[2023-11-07 06:46:31 PM-Train_2.py-INFO:epoch: 104, dataset: ClinicDB, dice: 0.939]
[2023-11-07 06:46:31 PM-Train_2.py-INFO:epoch: 104, dataset: ClinicDB, iou: 0.89]
[2023-11-07 06:46:43 PM-Train_2.py-INFO:epoch: 104, dataset: Kvasir, dice: 0.909]
[2023-11-07 06:46:43 PM-Train_2.py-INFO:epoch: 104, dataset: Kvasir, iou: 0.856]
[2023-11-07 06:46:50 PM-Train_2.py-INFO:epoch: 104, dataset: Endoscene, dice: 0.907]
[2023-11-07 06:46:50 PM-Train_2.py-INFO:epoch: 104, dataset: Endoscene, iou: 0.841]
[2023-11-07 06:47:30 PM-Train_2.py-INFO:epoch: 104, dataset: ColonDB, dice: 0.81]
[2023-11-07 06:47:30 PM-Train_2.py-INFO:epoch: 104, dataset: ColonDB, iou: 0.731]
[2023-11-07 06:51:41 PM-Train_2.py-INFO:epoch: 105, dataset: ClinicDB, dice: 0.94]
[2023-11-07 06:51:41 PM-Train_2.py-INFO:epoch: 105, dataset: ClinicDB, iou: 0.892]
[2023-11-07 06:51:54 PM-Train_2.py-INFO:epoch: 105, dataset: Kvasir, dice: 0.91]
[2023-11-07 06:51:54 PM-Train_2.py-INFO:epoch: 105, dataset: Kvasir, iou: 0.858]
[2023-11-07 06:52:00 PM-Train_2.py-INFO:epoch: 105, dataset: Endoscene, dice: 0.908]
[2023-11-07 06:52:00 PM-Train_2.py-INFO:epoch: 105, dataset: Endoscene, iou: 0.841]
[2023-11-07 06:52:40 PM-Train_2.py-INFO:epoch: 105, dataset: ColonDB, dice: 0.81]
[2023-11-07 06:52:40 PM-Train_2.py-INFO:epoch: 105, dataset: ColonDB, iou: 0.73]
[2023-11-07 06:56:51 PM-Train_2.py-INFO:epoch: 106, dataset: ClinicDB, dice: 0.939]
[2023-11-07 06:56:51 PM-Train_2.py-INFO:epoch: 106, dataset: ClinicDB, iou: 0.889]
[2023-11-07 06:57:03 PM-Train_2.py-INFO:epoch: 106, dataset: Kvasir, dice: 0.907]
[2023-11-07 06:57:03 PM-Train_2.py-INFO:epoch: 106, dataset: Kvasir, iou: 0.855]
[2023-11-07 06:57:10 PM-Train_2.py-INFO:epoch: 106, dataset: Endoscene, dice: 0.909]
[2023-11-07 06:57:10 PM-Train_2.py-INFO:epoch: 106, dataset: Endoscene, iou: 0.843]
[2023-11-07 06:57:50 PM-Train_2.py-INFO:epoch: 106, dataset: ColonDB, dice: 0.804]
[2023-11-07 06:57:50 PM-Train_2.py-INFO:epoch: 106, dataset: ColonDB, iou: 0.725]
[2023-11-07 07:02:02 PM-Train_2.py-INFO:epoch: 107, dataset: ClinicDB, dice: 0.94]
[2023-11-07 07:02:02 PM-Train_2.py-INFO:epoch: 107, dataset: ClinicDB, iou: 0.891]
[2023-11-07 07:02:14 PM-Train_2.py-INFO:epoch: 107, dataset: Kvasir, dice: 0.91]
[2023-11-07 07:02:14 PM-Train_2.py-INFO:epoch: 107, dataset: Kvasir, iou: 0.859]
[2023-11-07 07:02:21 PM-Train_2.py-INFO:epoch: 107, dataset: Endoscene, dice: 0.907]
[2023-11-07 07:02:21 PM-Train_2.py-INFO:epoch: 107, dataset: Endoscene, iou: 0.841]
[2023-11-07 07:03:02 PM-Train_2.py-INFO:epoch: 107, dataset: ColonDB, dice: 0.806]
[2023-11-07 07:03:02 PM-Train_2.py-INFO:epoch: 107, dataset: ColonDB, iou: 0.727]
[2023-11-07 07:07:12 PM-Train_2.py-INFO:epoch: 108, dataset: ClinicDB, dice: 0.941]
[2023-11-07 07:07:12 PM-Train_2.py-INFO:epoch: 108, dataset: ClinicDB, iou: 0.892]
[2023-11-07 07:07:25 PM-Train_2.py-INFO:epoch: 108, dataset: Kvasir, dice: 0.911]
[2023-11-07 07:07:25 PM-Train_2.py-INFO:epoch: 108, dataset: Kvasir, iou: 0.86]
[2023-11-07 07:07:31 PM-Train_2.py-INFO:epoch: 108, dataset: Endoscene, dice: 0.911]
[2023-11-07 07:07:31 PM-Train_2.py-INFO:epoch: 108, dataset: Endoscene, iou: 0.845]
[2023-11-07 07:08:12 PM-Train_2.py-INFO:epoch: 108, dataset: ColonDB, dice: 0.803]
[2023-11-07 07:08:12 PM-Train_2.py-INFO:epoch: 108, dataset: ColonDB, iou: 0.723]
[2023-11-07 07:12:23 PM-Train_2.py-INFO:epoch: 109, dataset: ClinicDB, dice: 0.94]
[2023-11-07 07:12:23 PM-Train_2.py-INFO:epoch: 109, dataset: ClinicDB, iou: 0.891]
[2023-11-07 07:12:36 PM-Train_2.py-INFO:epoch: 109, dataset: Kvasir, dice: 0.913]
[2023-11-07 07:12:36 PM-Train_2.py-INFO:epoch: 109, dataset: Kvasir, iou: 0.863]
[2023-11-07 07:12:43 PM-Train_2.py-INFO:epoch: 109, dataset: Endoscene, dice: 0.909]
[2023-11-07 07:12:43 PM-Train_2.py-INFO:epoch: 109, dataset: Endoscene, iou: 0.842]
[2023-11-07 07:13:24 PM-Train_2.py-INFO:epoch: 109, dataset: ColonDB, dice: 0.805]
[2023-11-07 07:13:24 PM-Train_2.py-INFO:epoch: 109, dataset: ColonDB, iou: 0.724]
[2023-11-07 07:17:35 PM-Train_2.py-INFO:epoch: 110, dataset: ClinicDB, dice: 0.94]
[2023-11-07 07:17:35 PM-Train_2.py-INFO:epoch: 110, dataset: ClinicDB, iou: 0.892]
[2023-11-07 07:17:47 PM-Train_2.py-INFO:epoch: 110, dataset: Kvasir, dice: 0.909]
[2023-11-07 07:17:47 PM-Train_2.py-INFO:epoch: 110, dataset: Kvasir, iou: 0.858]
[2023-11-07 07:17:54 PM-Train_2.py-INFO:epoch: 110, dataset: Endoscene, dice: 0.911]
[2023-11-07 07:17:54 PM-Train_2.py-INFO:epoch: 110, dataset: Endoscene, iou: 0.846]
[2023-11-07 07:18:35 PM-Train_2.py-INFO:epoch: 110, dataset: ColonDB, dice: 0.808]
[2023-11-07 07:18:35 PM-Train_2.py-INFO:epoch: 110, dataset: ColonDB, iou: 0.728]
[2023-11-07 07:22:45 PM-Train_2.py-INFO:epoch: 111, dataset: ClinicDB, dice: 0.94]
[2023-11-07 07:22:45 PM-Train_2.py-INFO:epoch: 111, dataset: ClinicDB, iou: 0.89]
[2023-11-07 07:22:57 PM-Train_2.py-INFO:epoch: 111, dataset: Kvasir, dice: 0.905]
[2023-11-07 07:22:57 PM-Train_2.py-INFO:epoch: 111, dataset: Kvasir, iou: 0.852]
[2023-11-07 07:23:04 PM-Train_2.py-INFO:epoch: 111, dataset: Endoscene, dice: 0.909]
[2023-11-07 07:23:04 PM-Train_2.py-INFO:epoch: 111, dataset: Endoscene, iou: 0.843]
[2023-11-07 07:23:44 PM-Train_2.py-INFO:epoch: 111, dataset: ColonDB, dice: 0.809]
[2023-11-07 07:23:44 PM-Train_2.py-INFO:epoch: 111, dataset: ColonDB, iou: 0.728]
[2023-11-07 07:27:54 PM-Train_2.py-INFO:epoch: 112, dataset: ClinicDB, dice: 0.94]
[2023-11-07 07:27:54 PM-Train_2.py-INFO:epoch: 112, dataset: ClinicDB, iou: 0.891]
[2023-11-07 07:28:08 PM-Train_2.py-INFO:epoch: 112, dataset: Kvasir, dice: 0.905]
[2023-11-07 07:28:08 PM-Train_2.py-INFO:epoch: 112, dataset: Kvasir, iou: 0.852]
[2023-11-07 07:28:15 PM-Train_2.py-INFO:epoch: 112, dataset: Endoscene, dice: 0.906]
[2023-11-07 07:28:15 PM-Train_2.py-INFO:epoch: 112, dataset: Endoscene, iou: 0.839]
[2023-11-07 07:29:01 PM-Train_2.py-INFO:epoch: 112, dataset: ColonDB, dice: 0.806]
[2023-11-07 07:29:01 PM-Train_2.py-INFO:epoch: 112, dataset: ColonDB, iou: 0.723]
[2023-11-07 07:33:13 PM-Train_2.py-INFO:epoch: 113, dataset: ClinicDB, dice: 0.941]
[2023-11-07 07:33:13 PM-Train_2.py-INFO:epoch: 113, dataset: ClinicDB, iou: 0.893]
[2023-11-07 07:33:27 PM-Train_2.py-INFO:epoch: 113, dataset: Kvasir, dice: 0.907]
[2023-11-07 07:33:27 PM-Train_2.py-INFO:epoch: 113, dataset: Kvasir, iou: 0.854]
[2023-11-07 07:33:34 PM-Train_2.py-INFO:epoch: 113, dataset: Endoscene, dice: 0.907]
[2023-11-07 07:33:34 PM-Train_2.py-INFO:epoch: 113, dataset: Endoscene, iou: 0.841]
[2023-11-07 07:34:22 PM-Train_2.py-INFO:epoch: 113, dataset: ColonDB, dice: 0.805]
[2023-11-07 07:34:22 PM-Train_2.py-INFO:epoch: 113, dataset: ColonDB, iou: 0.722]
[2023-11-07 07:38:34 PM-Train_2.py-INFO:epoch: 114, dataset: ClinicDB, dice: 0.943]
[2023-11-07 07:38:34 PM-Train_2.py-INFO:epoch: 114, dataset: ClinicDB, iou: 0.896]
[2023-11-07 07:38:48 PM-Train_2.py-INFO:epoch: 114, dataset: Kvasir, dice: 0.912]
[2023-11-07 07:38:48 PM-Train_2.py-INFO:epoch: 114, dataset: Kvasir, iou: 0.862]
[2023-11-07 07:38:55 PM-Train_2.py-INFO:epoch: 114, dataset: Endoscene, dice: 0.911]
[2023-11-07 07:38:55 PM-Train_2.py-INFO:epoch: 114, dataset: Endoscene, iou: 0.846]
[2023-11-07 07:39:40 PM-Train_2.py-INFO:epoch: 114, dataset: ColonDB, dice: 0.81]
[2023-11-07 07:39:40 PM-Train_2.py-INFO:epoch: 114, dataset: ColonDB, iou: 0.729]
[2023-11-07 07:43:52 PM-Train_2.py-INFO:epoch: 115, dataset: ClinicDB, dice: 0.944]
[2023-11-07 07:43:52 PM-Train_2.py-INFO:epoch: 115, dataset: ClinicDB, iou: 0.897]
[2023-11-07 07:44:06 PM-Train_2.py-INFO:epoch: 115, dataset: Kvasir, dice: 0.905]
[2023-11-07 07:44:06 PM-Train_2.py-INFO:epoch: 115, dataset: Kvasir, iou: 0.854]
[2023-11-07 07:44:12 PM-Train_2.py-INFO:epoch: 115, dataset: Endoscene, dice: 0.902]
[2023-11-07 07:44:12 PM-Train_2.py-INFO:epoch: 115, dataset: Endoscene, iou: 0.834]
[2023-11-07 07:44:53 PM-Train_2.py-INFO:epoch: 115, dataset: ColonDB, dice: 0.79]
[2023-11-07 07:44:53 PM-Train_2.py-INFO:epoch: 115, dataset: ColonDB, iou: 0.709]
[2023-11-07 07:49:05 PM-Train_2.py-INFO:epoch: 116, dataset: ClinicDB, dice: 0.907]
[2023-11-07 07:49:05 PM-Train_2.py-INFO:epoch: 116, dataset: ClinicDB, iou: 0.852]
[2023-11-07 07:49:17 PM-Train_2.py-INFO:epoch: 116, dataset: Kvasir, dice: 0.908]
[2023-11-07 07:49:17 PM-Train_2.py-INFO:epoch: 116, dataset: Kvasir, iou: 0.848]
[2023-11-07 07:49:24 PM-Train_2.py-INFO:epoch: 116, dataset: Endoscene, dice: 0.889]
[2023-11-07 07:49:24 PM-Train_2.py-INFO:epoch: 116, dataset: Endoscene, iou: 0.823]
[2023-11-07 07:50:05 PM-Train_2.py-INFO:epoch: 116, dataset: ColonDB, dice: 0.777]
[2023-11-07 07:50:05 PM-Train_2.py-INFO:epoch: 116, dataset: ColonDB, iou: 0.697]
[2023-11-07 07:54:17 PM-Train_2.py-INFO:epoch: 117, dataset: ClinicDB, dice: 0.932]
[2023-11-07 07:54:17 PM-Train_2.py-INFO:epoch: 117, dataset: ClinicDB, iou: 0.883]
[2023-11-07 07:54:30 PM-Train_2.py-INFO:epoch: 117, dataset: Kvasir, dice: 0.904]
[2023-11-07 07:54:30 PM-Train_2.py-INFO:epoch: 117, dataset: Kvasir, iou: 0.85]
[2023-11-07 07:54:37 PM-Train_2.py-INFO:epoch: 117, dataset: Endoscene, dice: 0.888]
[2023-11-07 07:54:37 PM-Train_2.py-INFO:epoch: 117, dataset: Endoscene, iou: 0.816]
[2023-11-07 07:55:18 PM-Train_2.py-INFO:epoch: 117, dataset: ColonDB, dice: 0.804]
[2023-11-07 07:55:18 PM-Train_2.py-INFO:epoch: 117, dataset: ColonDB, iou: 0.724]
[2023-11-07 07:59:30 PM-Train_2.py-INFO:epoch: 118, dataset: ClinicDB, dice: 0.944]
[2023-11-07 07:59:30 PM-Train_2.py-INFO:epoch: 118, dataset: ClinicDB, iou: 0.897]
[2023-11-07 07:59:43 PM-Train_2.py-INFO:epoch: 118, dataset: Kvasir, dice: 0.905]
[2023-11-07 07:59:43 PM-Train_2.py-INFO:epoch: 118, dataset: Kvasir, iou: 0.854]
[2023-11-07 07:59:50 PM-Train_2.py-INFO:epoch: 118, dataset: Endoscene, dice: 0.898]
[2023-11-07 07:59:50 PM-Train_2.py-INFO:epoch: 118, dataset: Endoscene, iou: 0.829]
[2023-11-07 08:00:31 PM-Train_2.py-INFO:epoch: 118, dataset: ColonDB, dice: 0.805]
[2023-11-07 08:00:31 PM-Train_2.py-INFO:epoch: 118, dataset: ColonDB, iou: 0.727]
[2023-11-07 08:04:42 PM-Train_2.py-INFO:epoch: 119, dataset: ClinicDB, dice: 0.94]
[2023-11-07 08:04:42 PM-Train_2.py-INFO:epoch: 119, dataset: ClinicDB, iou: 0.892]
[2023-11-07 08:04:55 PM-Train_2.py-INFO:epoch: 119, dataset: Kvasir, dice: 0.903]
[2023-11-07 08:04:55 PM-Train_2.py-INFO:epoch: 119, dataset: Kvasir, iou: 0.853]
[2023-11-07 08:05:02 PM-Train_2.py-INFO:epoch: 119, dataset: Endoscene, dice: 0.9]
[2023-11-07 08:05:02 PM-Train_2.py-INFO:epoch: 119, dataset: Endoscene, iou: 0.832]
[2023-11-07 08:05:42 PM-Train_2.py-INFO:epoch: 119, dataset: ColonDB, dice: 0.805]
[2023-11-07 08:05:42 PM-Train_2.py-INFO:epoch: 119, dataset: ColonDB, iou: 0.727]
[2023-11-07 08:09:54 PM-Train_2.py-INFO:epoch: 120, dataset: ClinicDB, dice: 0.941]
[2023-11-07 08:09:54 PM-Train_2.py-INFO:epoch: 120, dataset: ClinicDB, iou: 0.893]
[2023-11-07 08:10:06 PM-Train_2.py-INFO:epoch: 120, dataset: Kvasir, dice: 0.907]
[2023-11-07 08:10:06 PM-Train_2.py-INFO:epoch: 120, dataset: Kvasir, iou: 0.857]
[2023-11-07 08:10:13 PM-Train_2.py-INFO:epoch: 120, dataset: Endoscene, dice: 0.9]
[2023-11-07 08:10:13 PM-Train_2.py-INFO:epoch: 120, dataset: Endoscene, iou: 0.832]
[2023-11-07 08:10:54 PM-Train_2.py-INFO:epoch: 120, dataset: ColonDB, dice: 0.806]
[2023-11-07 08:10:54 PM-Train_2.py-INFO:epoch: 120, dataset: ColonDB, iou: 0.728]
[2023-11-07 08:15:06 PM-Train_2.py-INFO:epoch: 121, dataset: ClinicDB, dice: 0.94]
[2023-11-07 08:15:06 PM-Train_2.py-INFO:epoch: 121, dataset: ClinicDB, iou: 0.893]
[2023-11-07 08:15:19 PM-Train_2.py-INFO:epoch: 121, dataset: Kvasir, dice: 0.908]
[2023-11-07 08:15:19 PM-Train_2.py-INFO:epoch: 121, dataset: Kvasir, iou: 0.857]
[2023-11-07 08:15:26 PM-Train_2.py-INFO:epoch: 121, dataset: Endoscene, dice: 0.899]
[2023-11-07 08:15:26 PM-Train_2.py-INFO:epoch: 121, dataset: Endoscene, iou: 0.83]
[2023-11-07 08:16:09 PM-Train_2.py-INFO:epoch: 121, dataset: ColonDB, dice: 0.806]
[2023-11-07 08:16:09 PM-Train_2.py-INFO:epoch: 121, dataset: ColonDB, iou: 0.727]
[2023-11-07 08:20:21 PM-Train_2.py-INFO:epoch: 122, dataset: ClinicDB, dice: 0.941]
[2023-11-07 08:20:21 PM-Train_2.py-INFO:epoch: 122, dataset: ClinicDB, iou: 0.893]
[2023-11-07 08:20:34 PM-Train_2.py-INFO:epoch: 122, dataset: Kvasir, dice: 0.915]
[2023-11-07 08:20:34 PM-Train_2.py-INFO:epoch: 122, dataset: Kvasir, iou: 0.864]
[2023-11-07 08:20:41 PM-Train_2.py-INFO:epoch: 122, dataset: Endoscene, dice: 0.886]
[2023-11-07 08:20:41 PM-Train_2.py-INFO:epoch: 122, dataset: Endoscene, iou: 0.817]
[2023-11-07 08:21:22 PM-Train_2.py-INFO:epoch: 122, dataset: ColonDB, dice: 0.806]
[2023-11-07 08:21:22 PM-Train_2.py-INFO:epoch: 122, dataset: ColonDB, iou: 0.728]
[2023-11-07 08:25:34 PM-Train_2.py-INFO:epoch: 123, dataset: ClinicDB, dice: 0.94]
[2023-11-07 08:25:34 PM-Train_2.py-INFO:epoch: 123, dataset: ClinicDB, iou: 0.892]
[2023-11-07 08:25:47 PM-Train_2.py-INFO:epoch: 123, dataset: Kvasir, dice: 0.913]
[2023-11-07 08:25:47 PM-Train_2.py-INFO:epoch: 123, dataset: Kvasir, iou: 0.861]
[2023-11-07 08:25:54 PM-Train_2.py-INFO:epoch: 123, dataset: Endoscene, dice: 0.889]
[2023-11-07 08:25:54 PM-Train_2.py-INFO:epoch: 123, dataset: Endoscene, iou: 0.818]
[2023-11-07 08:26:35 PM-Train_2.py-INFO:epoch: 123, dataset: ColonDB, dice: 0.809]
[2023-11-07 08:26:35 PM-Train_2.py-INFO:epoch: 123, dataset: ColonDB, iou: 0.729]
[2023-11-07 08:30:46 PM-Train_2.py-INFO:epoch: 124, dataset: ClinicDB, dice: 0.942]
[2023-11-07 08:30:46 PM-Train_2.py-INFO:epoch: 124, dataset: ClinicDB, iou: 0.894]
[2023-11-07 08:30:59 PM-Train_2.py-INFO:epoch: 124, dataset: Kvasir, dice: 0.912]
[2023-11-07 08:30:59 PM-Train_2.py-INFO:epoch: 124, dataset: Kvasir, iou: 0.86]
[2023-11-07 08:31:06 PM-Train_2.py-INFO:epoch: 124, dataset: Endoscene, dice: 0.895]
[2023-11-07 08:31:06 PM-Train_2.py-INFO:epoch: 124, dataset: Endoscene, iou: 0.825]
[2023-11-07 08:31:48 PM-Train_2.py-INFO:epoch: 124, dataset: ColonDB, dice: 0.812]
[2023-11-07 08:31:48 PM-Train_2.py-INFO:epoch: 124, dataset: ColonDB, iou: 0.732]
[2023-11-07 08:36:00 PM-Train_2.py-INFO:epoch: 125, dataset: ClinicDB, dice: 0.941]
[2023-11-07 08:36:00 PM-Train_2.py-INFO:epoch: 125, dataset: ClinicDB, iou: 0.893]
[2023-11-07 08:36:14 PM-Train_2.py-INFO:epoch: 125, dataset: Kvasir, dice: 0.912]
[2023-11-07 08:36:14 PM-Train_2.py-INFO:epoch: 125, dataset: Kvasir, iou: 0.862]
[2023-11-07 08:36:21 PM-Train_2.py-INFO:epoch: 125, dataset: Endoscene, dice: 0.903]
[2023-11-07 08:36:21 PM-Train_2.py-INFO:epoch: 125, dataset: Endoscene, iou: 0.834]
[2023-11-07 08:37:03 PM-Train_2.py-INFO:epoch: 125, dataset: ColonDB, dice: 0.814]
[2023-11-07 08:37:03 PM-Train_2.py-INFO:epoch: 125, dataset: ColonDB, iou: 0.734]
[2023-11-07 08:41:15 PM-Train_2.py-INFO:epoch: 126, dataset: ClinicDB, dice: 0.94]
[2023-11-07 08:41:15 PM-Train_2.py-INFO:epoch: 126, dataset: ClinicDB, iou: 0.892]
[2023-11-07 08:41:28 PM-Train_2.py-INFO:epoch: 126, dataset: Kvasir, dice: 0.908]
[2023-11-07 08:41:28 PM-Train_2.py-INFO:epoch: 126, dataset: Kvasir, iou: 0.857]
[2023-11-07 08:41:35 PM-Train_2.py-INFO:epoch: 126, dataset: Endoscene, dice: 0.901]
[2023-11-07 08:41:35 PM-Train_2.py-INFO:epoch: 126, dataset: Endoscene, iou: 0.833]
[2023-11-07 08:42:16 PM-Train_2.py-INFO:epoch: 126, dataset: ColonDB, dice: 0.823]
[2023-11-07 08:42:16 PM-Train_2.py-INFO:epoch: 126, dataset: ColonDB, iou: 0.741]
[2023-11-07 08:46:28 PM-Train_2.py-INFO:epoch: 127, dataset: ClinicDB, dice: 0.935]
[2023-11-07 08:46:28 PM-Train_2.py-INFO:epoch: 127, dataset: ClinicDB, iou: 0.887]
[2023-11-07 08:46:41 PM-Train_2.py-INFO:epoch: 127, dataset: Kvasir, dice: 0.908]
[2023-11-07 08:46:41 PM-Train_2.py-INFO:epoch: 127, dataset: Kvasir, iou: 0.856]
[2023-11-07 08:46:48 PM-Train_2.py-INFO:epoch: 127, dataset: Endoscene, dice: 0.899]
[2023-11-07 08:46:48 PM-Train_2.py-INFO:epoch: 127, dataset: Endoscene, iou: 0.83]
[2023-11-07 08:47:30 PM-Train_2.py-INFO:epoch: 127, dataset: ColonDB, dice: 0.819]
[2023-11-07 08:47:30 PM-Train_2.py-INFO:epoch: 127, dataset: ColonDB, iou: 0.737]
[2023-11-07 08:51:42 PM-Train_2.py-INFO:epoch: 128, dataset: ClinicDB, dice: 0.932]
[2023-11-07 08:51:42 PM-Train_2.py-INFO:epoch: 128, dataset: ClinicDB, iou: 0.882]
[2023-11-07 08:51:55 PM-Train_2.py-INFO:epoch: 128, dataset: Kvasir, dice: 0.909]
[2023-11-07 08:51:55 PM-Train_2.py-INFO:epoch: 128, dataset: Kvasir, iou: 0.856]
[2023-11-07 08:52:02 PM-Train_2.py-INFO:epoch: 128, dataset: Endoscene, dice: 0.89]
[2023-11-07 08:52:02 PM-Train_2.py-INFO:epoch: 128, dataset: Endoscene, iou: 0.817]
[2023-11-07 08:52:44 PM-Train_2.py-INFO:epoch: 128, dataset: ColonDB, dice: 0.809]
[2023-11-07 08:52:44 PM-Train_2.py-INFO:epoch: 128, dataset: ColonDB, iou: 0.726]
[2023-11-07 08:56:56 PM-Train_2.py-INFO:epoch: 129, dataset: ClinicDB, dice: 0.94]
[2023-11-07 08:56:56 PM-Train_2.py-INFO:epoch: 129, dataset: ClinicDB, iou: 0.891]
[2023-11-07 08:57:08 PM-Train_2.py-INFO:epoch: 129, dataset: Kvasir, dice: 0.91]
[2023-11-07 08:57:08 PM-Train_2.py-INFO:epoch: 129, dataset: Kvasir, iou: 0.859]
[2023-11-07 08:57:15 PM-Train_2.py-INFO:epoch: 129, dataset: Endoscene, dice: 0.895]
[2023-11-07 08:57:15 PM-Train_2.py-INFO:epoch: 129, dataset: Endoscene, iou: 0.824]
[2023-11-07 08:57:57 PM-Train_2.py-INFO:epoch: 129, dataset: ColonDB, dice: 0.811]
[2023-11-07 08:57:57 PM-Train_2.py-INFO:epoch: 129, dataset: ColonDB, iou: 0.729]
[2023-11-07 09:02:09 PM-Train_2.py-INFO:epoch: 130, dataset: ClinicDB, dice: 0.942]
[2023-11-07 09:02:09 PM-Train_2.py-INFO:epoch: 130, dataset: ClinicDB, iou: 0.894]
[2023-11-07 09:02:21 PM-Train_2.py-INFO:epoch: 130, dataset: Kvasir, dice: 0.909]
[2023-11-07 09:02:21 PM-Train_2.py-INFO:epoch: 130, dataset: Kvasir, iou: 0.857]
[2023-11-07 09:02:29 PM-Train_2.py-INFO:epoch: 130, dataset: Endoscene, dice: 0.904]
[2023-11-07 09:02:29 PM-Train_2.py-INFO:epoch: 130, dataset: Endoscene, iou: 0.837]
[2023-11-07 09:03:10 PM-Train_2.py-INFO:epoch: 130, dataset: ColonDB, dice: 0.813]
[2023-11-07 09:03:10 PM-Train_2.py-INFO:epoch: 130, dataset: ColonDB, iou: 0.733]
[2023-11-07 09:07:22 PM-Train_2.py-INFO:epoch: 131, dataset: ClinicDB, dice: 0.942]
[2023-11-07 09:07:22 PM-Train_2.py-INFO:epoch: 131, dataset: ClinicDB, iou: 0.895]
[2023-11-07 09:07:35 PM-Train_2.py-INFO:epoch: 131, dataset: Kvasir, dice: 0.909]
[2023-11-07 09:07:35 PM-Train_2.py-INFO:epoch: 131, dataset: Kvasir, iou: 0.856]
[2023-11-07 09:07:42 PM-Train_2.py-INFO:epoch: 131, dataset: Endoscene, dice: 0.905]
[2023-11-07 09:07:42 PM-Train_2.py-INFO:epoch: 131, dataset: Endoscene, iou: 0.837]
[2023-11-07 09:08:24 PM-Train_2.py-INFO:epoch: 131, dataset: ColonDB, dice: 0.81]
[2023-11-07 09:08:24 PM-Train_2.py-INFO:epoch: 131, dataset: ColonDB, iou: 0.729]
[2023-11-07 09:12:37 PM-Train_2.py-INFO:epoch: 132, dataset: ClinicDB, dice: 0.936]
[2023-11-07 09:12:37 PM-Train_2.py-INFO:epoch: 132, dataset: ClinicDB, iou: 0.889]
[2023-11-07 09:12:52 PM-Train_2.py-INFO:epoch: 132, dataset: Kvasir, dice: 0.912]
[2023-11-07 09:12:52 PM-Train_2.py-INFO:epoch: 132, dataset: Kvasir, iou: 0.859]
[2023-11-07 09:13:00 PM-Train_2.py-INFO:epoch: 132, dataset: Endoscene, dice: 0.904]
[2023-11-07 09:13:00 PM-Train_2.py-INFO:epoch: 132, dataset: Endoscene, iou: 0.836]
[2023-11-07 09:13:46 PM-Train_2.py-INFO:epoch: 132, dataset: ColonDB, dice: 0.814]
[2023-11-07 09:13:46 PM-Train_2.py-INFO:epoch: 132, dataset: ColonDB, iou: 0.733]
[2023-11-07 09:17:59 PM-Train_2.py-INFO:epoch: 133, dataset: ClinicDB, dice: 0.939]
[2023-11-07 09:17:59 PM-Train_2.py-INFO:epoch: 133, dataset: ClinicDB, iou: 0.891]
[2023-11-07 09:18:13 PM-Train_2.py-INFO:epoch: 133, dataset: Kvasir, dice: 0.906]
[2023-11-07 09:18:13 PM-Train_2.py-INFO:epoch: 133, dataset: Kvasir, iou: 0.855]
[2023-11-07 09:18:21 PM-Train_2.py-INFO:epoch: 133, dataset: Endoscene, dice: 0.907]
[2023-11-07 09:18:21 PM-Train_2.py-INFO:epoch: 133, dataset: Endoscene, iou: 0.84]
[2023-11-07 09:19:07 PM-Train_2.py-INFO:epoch: 133, dataset: ColonDB, dice: 0.808]
[2023-11-07 09:19:07 PM-Train_2.py-INFO:epoch: 133, dataset: ColonDB, iou: 0.729]
[2023-11-07 09:23:20 PM-Train_2.py-INFO:epoch: 134, dataset: ClinicDB, dice: 0.944]
[2023-11-07 09:23:20 PM-Train_2.py-INFO:epoch: 134, dataset: ClinicDB, iou: 0.897]
[2023-11-07 09:23:33 PM-Train_2.py-INFO:epoch: 134, dataset: Kvasir, dice: 0.907]
[2023-11-07 09:23:33 PM-Train_2.py-INFO:epoch: 134, dataset: Kvasir, iou: 0.853]
[2023-11-07 09:23:41 PM-Train_2.py-INFO:epoch: 134, dataset: Endoscene, dice: 0.911]
[2023-11-07 09:23:41 PM-Train_2.py-INFO:epoch: 134, dataset: Endoscene, iou: 0.847]
[2023-11-07 09:24:25 PM-Train_2.py-INFO:epoch: 134, dataset: ColonDB, dice: 0.803]
[2023-11-07 09:24:25 PM-Train_2.py-INFO:epoch: 134, dataset: ColonDB, iou: 0.723]
[2023-11-07 09:28:37 PM-Train_2.py-INFO:epoch: 135, dataset: ClinicDB, dice: 0.941]
[2023-11-07 09:28:37 PM-Train_2.py-INFO:epoch: 135, dataset: ClinicDB, iou: 0.892]
[2023-11-07 09:28:50 PM-Train_2.py-INFO:epoch: 135, dataset: Kvasir, dice: 0.909]
[2023-11-07 09:28:50 PM-Train_2.py-INFO:epoch: 135, dataset: Kvasir, iou: 0.855]
[2023-11-07 09:28:57 PM-Train_2.py-INFO:epoch: 135, dataset: Endoscene, dice: 0.897]
[2023-11-07 09:28:57 PM-Train_2.py-INFO:epoch: 135, dataset: Endoscene, iou: 0.83]
[2023-11-07 09:29:40 PM-Train_2.py-INFO:epoch: 135, dataset: ColonDB, dice: 0.806]
[2023-11-07 09:29:40 PM-Train_2.py-INFO:epoch: 135, dataset: ColonDB, iou: 0.725]
[2023-11-07 09:33:54 PM-Train_2.py-INFO:epoch: 136, dataset: ClinicDB, dice: 0.941]
[2023-11-07 09:33:54 PM-Train_2.py-INFO:epoch: 136, dataset: ClinicDB, iou: 0.893]
[2023-11-07 09:34:07 PM-Train_2.py-INFO:epoch: 136, dataset: Kvasir, dice: 0.902]
[2023-11-07 09:34:07 PM-Train_2.py-INFO:epoch: 136, dataset: Kvasir, iou: 0.85]
[2023-11-07 09:34:15 PM-Train_2.py-INFO:epoch: 136, dataset: Endoscene, dice: 0.904]
[2023-11-07 09:34:15 PM-Train_2.py-INFO:epoch: 136, dataset: Endoscene, iou: 0.837]
[2023-11-07 09:35:00 PM-Train_2.py-INFO:epoch: 136, dataset: ColonDB, dice: 0.791]
[2023-11-07 09:35:00 PM-Train_2.py-INFO:epoch: 136, dataset: ColonDB, iou: 0.711]
[2023-11-07 09:39:14 PM-Train_2.py-INFO:epoch: 137, dataset: ClinicDB, dice: 0.94]
[2023-11-07 09:39:14 PM-Train_2.py-INFO:epoch: 137, dataset: ClinicDB, iou: 0.891]
[2023-11-07 09:39:28 PM-Train_2.py-INFO:epoch: 137, dataset: Kvasir, dice: 0.908]
[2023-11-07 09:39:28 PM-Train_2.py-INFO:epoch: 137, dataset: Kvasir, iou: 0.857]
[2023-11-07 09:39:36 PM-Train_2.py-INFO:epoch: 137, dataset: Endoscene, dice: 0.895]
[2023-11-07 09:39:36 PM-Train_2.py-INFO:epoch: 137, dataset: Endoscene, iou: 0.824]
[2023-11-07 09:40:23 PM-Train_2.py-INFO:epoch: 137, dataset: ColonDB, dice: 0.816]
[2023-11-07 09:40:23 PM-Train_2.py-INFO:epoch: 137, dataset: ColonDB, iou: 0.737]
[2023-11-07 09:44:36 PM-Train_2.py-INFO:epoch: 138, dataset: ClinicDB, dice: 0.938]
[2023-11-07 09:44:36 PM-Train_2.py-INFO:epoch: 138, dataset: ClinicDB, iou: 0.886]
[2023-11-07 09:44:50 PM-Train_2.py-INFO:epoch: 138, dataset: Kvasir, dice: 0.908]
[2023-11-07 09:44:50 PM-Train_2.py-INFO:epoch: 138, dataset: Kvasir, iou: 0.856]
[2023-11-07 09:44:58 PM-Train_2.py-INFO:epoch: 138, dataset: Endoscene, dice: 0.895]
[2023-11-07 09:44:58 PM-Train_2.py-INFO:epoch: 138, dataset: Endoscene, iou: 0.824]
[2023-11-07 09:45:43 PM-Train_2.py-INFO:epoch: 138, dataset: ColonDB, dice: 0.811]
[2023-11-07 09:45:43 PM-Train_2.py-INFO:epoch: 138, dataset: ColonDB, iou: 0.731]
[2023-11-07 09:49:55 PM-Train_2.py-INFO:epoch: 139, dataset: ClinicDB, dice: 0.934]
[2023-11-07 09:49:55 PM-Train_2.py-INFO:epoch: 139, dataset: ClinicDB, iou: 0.881]
[2023-11-07 09:50:09 PM-Train_2.py-INFO:epoch: 139, dataset: Kvasir, dice: 0.912]
[2023-11-07 09:50:09 PM-Train_2.py-INFO:epoch: 139, dataset: Kvasir, iou: 0.861]
[2023-11-07 09:50:17 PM-Train_2.py-INFO:epoch: 139, dataset: Endoscene, dice: 0.9]
[2023-11-07 09:50:17 PM-Train_2.py-INFO:epoch: 139, dataset: Endoscene, iou: 0.83]
[2023-11-07 09:51:01 PM-Train_2.py-INFO:epoch: 139, dataset: ColonDB, dice: 0.813]
[2023-11-07 09:51:01 PM-Train_2.py-INFO:epoch: 139, dataset: ColonDB, iou: 0.73]
[2023-11-07 09:55:13 PM-Train_2.py-INFO:epoch: 140, dataset: ClinicDB, dice: 0.937]
[2023-11-07 09:55:13 PM-Train_2.py-INFO:epoch: 140, dataset: ClinicDB, iou: 0.886]
[2023-11-07 09:55:27 PM-Train_2.py-INFO:epoch: 140, dataset: Kvasir, dice: 0.913]
[2023-11-07 09:55:27 PM-Train_2.py-INFO:epoch: 140, dataset: Kvasir, iou: 0.864]
[2023-11-07 09:55:34 PM-Train_2.py-INFO:epoch: 140, dataset: Endoscene, dice: 0.896]
[2023-11-07 09:55:34 PM-Train_2.py-INFO:epoch: 140, dataset: Endoscene, iou: 0.825]
[2023-11-07 09:56:17 PM-Train_2.py-INFO:epoch: 140, dataset: ColonDB, dice: 0.82]
[2023-11-07 09:56:17 PM-Train_2.py-INFO:epoch: 140, dataset: ColonDB, iou: 0.737]
[2023-11-07 10:00:28 PM-Train_2.py-INFO:epoch: 141, dataset: ClinicDB, dice: 0.928]
[2023-11-07 10:00:28 PM-Train_2.py-INFO:epoch: 141, dataset: ClinicDB, iou: 0.876]
[2023-11-07 10:00:41 PM-Train_2.py-INFO:epoch: 141, dataset: Kvasir, dice: 0.904]
[2023-11-07 10:00:41 PM-Train_2.py-INFO:epoch: 141, dataset: Kvasir, iou: 0.85]
[2023-11-07 10:00:48 PM-Train_2.py-INFO:epoch: 141, dataset: Endoscene, dice: 0.89]
[2023-11-07 10:00:48 PM-Train_2.py-INFO:epoch: 141, dataset: Endoscene, iou: 0.818]
[2023-11-07 10:01:32 PM-Train_2.py-INFO:epoch: 141, dataset: ColonDB, dice: 0.802]
[2023-11-07 10:01:32 PM-Train_2.py-INFO:epoch: 141, dataset: ColonDB, iou: 0.719]
[2023-11-07 10:05:43 PM-Train_2.py-INFO:epoch: 142, dataset: ClinicDB, dice: 0.934]
[2023-11-07 10:05:43 PM-Train_2.py-INFO:epoch: 142, dataset: ClinicDB, iou: 0.887]
[2023-11-07 10:05:56 PM-Train_2.py-INFO:epoch: 142, dataset: Kvasir, dice: 0.912]
[2023-11-07 10:05:56 PM-Train_2.py-INFO:epoch: 142, dataset: Kvasir, iou: 0.861]
[2023-11-07 10:06:04 PM-Train_2.py-INFO:epoch: 142, dataset: Endoscene, dice: 0.892]
[2023-11-07 10:06:04 PM-Train_2.py-INFO:epoch: 142, dataset: Endoscene, iou: 0.82]
[2023-11-07 10:06:48 PM-Train_2.py-INFO:epoch: 142, dataset: ColonDB, dice: 0.805]
[2023-11-07 10:06:48 PM-Train_2.py-INFO:epoch: 142, dataset: ColonDB, iou: 0.723]
[2023-11-07 10:10:59 PM-Train_2.py-INFO:epoch: 143, dataset: ClinicDB, dice: 0.92]
[2023-11-07 10:10:59 PM-Train_2.py-INFO:epoch: 143, dataset: ClinicDB, iou: 0.867]
[2023-11-07 10:11:12 PM-Train_2.py-INFO:epoch: 143, dataset: Kvasir, dice: 0.903]
[2023-11-07 10:11:12 PM-Train_2.py-INFO:epoch: 143, dataset: Kvasir, iou: 0.849]
[2023-11-07 10:11:19 PM-Train_2.py-INFO:epoch: 143, dataset: Endoscene, dice: 0.883]
[2023-11-07 10:11:19 PM-Train_2.py-INFO:epoch: 143, dataset: Endoscene, iou: 0.812]
[2023-11-07 10:12:02 PM-Train_2.py-INFO:epoch: 143, dataset: ColonDB, dice: 0.782]
[2023-11-07 10:12:02 PM-Train_2.py-INFO:epoch: 143, dataset: ColonDB, iou: 0.701]
[2023-11-07 10:16:13 PM-Train_2.py-INFO:epoch: 144, dataset: ClinicDB, dice: 0.93]
[2023-11-07 10:16:13 PM-Train_2.py-INFO:epoch: 144, dataset: ClinicDB, iou: 0.882]
[2023-11-07 10:16:26 PM-Train_2.py-INFO:epoch: 144, dataset: Kvasir, dice: 0.901]
[2023-11-07 10:16:26 PM-Train_2.py-INFO:epoch: 144, dataset: Kvasir, iou: 0.847]
[2023-11-07 10:16:33 PM-Train_2.py-INFO:epoch: 144, dataset: Endoscene, dice: 0.882]
[2023-11-07 10:16:33 PM-Train_2.py-INFO:epoch: 144, dataset: Endoscene, iou: 0.809]
[2023-11-07 10:17:16 PM-Train_2.py-INFO:epoch: 144, dataset: ColonDB, dice: 0.798]
[2023-11-07 10:17:16 PM-Train_2.py-INFO:epoch: 144, dataset: ColonDB, iou: 0.713]
[2023-11-07 10:21:27 PM-Train_2.py-INFO:epoch: 145, dataset: ClinicDB, dice: 0.927]
[2023-11-07 10:21:27 PM-Train_2.py-INFO:epoch: 145, dataset: ClinicDB, iou: 0.88]
[2023-11-07 10:21:40 PM-Train_2.py-INFO:epoch: 145, dataset: Kvasir, dice: 0.892]
[2023-11-07 10:21:40 PM-Train_2.py-INFO:epoch: 145, dataset: Kvasir, iou: 0.838]
[2023-11-07 10:21:47 PM-Train_2.py-INFO:epoch: 145, dataset: Endoscene, dice: 0.877]
[2023-11-07 10:21:47 PM-Train_2.py-INFO:epoch: 145, dataset: Endoscene, iou: 0.804]
[2023-11-07 10:22:30 PM-Train_2.py-INFO:epoch: 145, dataset: ColonDB, dice: 0.789]
[2023-11-07 10:22:30 PM-Train_2.py-INFO:epoch: 145, dataset: ColonDB, iou: 0.714]
[2023-11-07 10:26:20 PM-Train_2.py-INFO:epoch: 146, dataset: ClinicDB, dice: 0.935]
[2023-11-07 10:26:20 PM-Train_2.py-INFO:epoch: 146, dataset: ClinicDB, iou: 0.891]
[2023-11-07 10:26:35 PM-Train_2.py-INFO:epoch: 146, dataset: Kvasir, dice: 0.900]
[2023-11-07 10:26:35 PM-Train_2.py-INFO:epoch: 146, dataset: Kvasir, iou: 0.842]
[2023-11-07 10:26:47 PM-Train_2.py-INFO:epoch: 146, dataset: Endoscene, dice: 0.876]
[2023-11-07 10:26:47 PM-Train_2.py-INFO:epoch: 146, dataset: Endoscene, iou: 0.804]
[2023-11-07 10:27:28 PM-Train_2.py-INFO:epoch: 146, dataset: ColonDB, dice: 0.790]
[2023-11-07 10:27:28 PM-Train_2.py-INFO:epoch: 146, dataset: ColonDB, iou: 0.715]
[2023-11-07 10:31:20 PM-Train_2.py-INFO:epoch: 147, dataset: ClinicDB, dice: 0.942]
[2023-11-07 10:31:20 PM-Train_2.py-INFO:epoch: 147, dataset: ClinicDB, iou: 0.895]
[2023-11-07 10:31:40 PM-Train_2.py-INFO:epoch: 147, dataset: Kvasir, dice: 0.915]
[2023-11-07 10:31:40 PM-Train_2.py-INFO:epoch: 147, dataset: Kvasir, iou: 0.860]
[2023-11-07 10:31:55 PM-Train_2.py-INFO:epoch: 147, dataset: Endoscene, dice: 0.885]
[2023-11-07 10:31:55 PM-Train_2.py-INFO:epoch: 147, dataset: Endoscene, iou: 0.810]
[2023-11-07 10:32:41 PM-Train_2.py-INFO:epoch: 147, dataset: ColonDB, dice: 0.779]
[2023-11-07 10:32:41 PM-Train_2.py-INFO:epoch: 147, dataset: ColonDB, iou: 0.705]
[2023-11-07 10:36:18 PM-Train_2.py-INFO:epoch: 148 dataset: ClinicDB, dice: 0.940]
[2023-11-07 10:36:18 PM-Train_2.py-INFO:epoch: 148, dataset: ClinicDB, iou: 0.892]
[2023-11-07 10:36:34 PM-Train_2.py-INFO:epoch: 148, dataset: Kvasir, dice: 0.910]
[2023-11-07 10:36:34 PM-Train_2.py-INFO:epoch: 148, dataset: Kvasir, iou: 0.857]
[2023-11-07 10:36:46 PM-Train_2.py-INFO:epoch: 148, dataset: Endoscene, dice: 0.878]
[2023-11-07 10:36:46 PM-Train_2.py-INFO:epoch: 148, dataset: Endoscene, iou: 0.802]
[2023-11-07 10:37:31 PM-Train_2.py-INFO:epoch: 148, dataset: ColonDB, dice: 0.782]
[2023-11-07 10:37:31 PM-Train_2.py-INFO:epoch: 148, dataset: ColonDB, iou: 0.710]
[2023-11-07 10:41:22 PM-Train_2.py-INFO:epoch: 149, dataset: ClinicDB, dice: 0.938]
[2023-11-07 10:41:22 PM-Train_2.py-INFO:epoch: 149, dataset: ClinicDB, iou: 0.888]
[2023-11-07 10:41:34 PM-Train_2.py-INFO:epoch: 149, dataset: Kvasir, dice: 0.910]
[2023-11-07 10:41:34 PM-Train_2.py-INFO:epoch: 149, dataset: Kvasir, iou: 0.858]
[2023-11-07 10:41:50 PM-Train_2.py-INFO:epoch: 149, dataset: Endoscene, dice: 0.887]
[2023-11-07 10:41:50 PM-Train_2.py-INFO:epoch: 149, dataset: Endoscene, iou: 0.815]
[2023-11-07 10:42:32 PM-Train_2.py-INFO:epoch: 149, dataset: ColonDB, dice: 0.780]
[2023-11-07 10:42:32 PM-Train_2.py-INFO:epoch: 149, dataset: ColonDB, iou: 0.706]